Flutter crash report.
Please report a bug at https://github.com/flutter/flutter/issues.

## command

flutter --verbose assemble --no-version-check --depfile C:\projects\picasso.store\build\app\intermediates\flutter\release/flutter_build.d --output C:\projects\picasso.store\build\app\intermediates\flutter\release -dTargetFile=lib\main.dart -dTargetPlatform=android -dBuildMode=release -dTrackWidgetCreation=true -dTreeShakeIcons=true -dFlavor= -dAndroidArchs=android-arm android-arm64 android-x64 -dMinSdkVersion=21 android_aot_bundle_release_android-arm android_aot_bundle_release_android-arm64 android_aot_bundle_release_android-x64

## exception

FileSystemException: FileSystemException: Cannot resolve symbolic links, path = 'C:\projects\picasso.store\build\app\intermediates\flutter\release' (OS Error: Incorrect function.
, errno = 1)

```
#0      FileSystemEntity._throwIfError (dart:io/file_system_entity.dart:886:7)
#1      FileSystemEntity.resolveSymbolicLinksSync (dart:io/file_system_entity.dart:375:5)
#2      ForwardingFileSystemEntity.resolveSymbolicLinksSync (package:file/src/forwarding/forwarding_file_system_entity.dart:56:49)
#3      ForwardingFileSystemEntity.resolveSymbolicLinksSync (package:file/src/forwarding/forwarding_file_system_entity.dart:56:49)
#4      SourceVisitor.visitPattern (package:flutter_tools/src/build_system/source.dart:110:63)
#5      _PatternSource.accept (package:flutter_tools/src/build_system/source.dart:255:49)
#6      Target._resolveConfiguration (package:flutter_tools/src/build_system/build_system.dart:248:14)
#7      Target.resolveOutputs (package:flutter_tools/src/build_system/build_system.dart:205:12)
#8      Target._toNode (package:flutter_tools/src/build_system/build_system.dart:162:39)
#9      Target._toNode (package:flutter_tools/src/build_system/build_system.dart:167:63)
#10     FlutterBuildSystem.build (package:flutter_tools/src/build_system/build_system.dart:626:30)
#11     AssembleCommand.runCommand (package:flutter_tools/src/commands/assemble.dart:354:51)
#12     FlutterCommand.verifyThenRunCommand (package:flutter_tools/src/runner/flutter_command.dart:1938:12)
<asynchronous suspension>
#13     FlutterCommand.run.<anonymous closure> (package:flutter_tools/src/runner/flutter_command.dart:1558:27)
<asynchronous suspension>
#14     AppContext.run.<anonymous closure> (package:flutter_tools/src/base/context.dart:154:19)
<asynchronous suspension>
#15     CommandRunner.runCommand (package:args/command_runner.dart:212:13)
<asynchronous suspension>
#16     FlutterCommandRunner.runCommand.<anonymous closure> (package:flutter_tools/src/runner/flutter_command_runner.dart:496:9)
<asynchronous suspension>
#17     AppContext.run.<anonymous closure> (package:flutter_tools/src/base/context.dart:154:19)
<asynchronous suspension>
#18     FlutterCommandRunner.runCommand (package:flutter_tools/src/runner/flutter_command_runner.dart:431:5)
<asynchronous suspension>
#19     run.<anonymous closure>.<anonymous closure> (package:flutter_tools/runner.dart:98:11)
<asynchronous suspension>
#20     AppContext.run.<anonymous closure> (package:flutter_tools/src/base/context.dart:154:19)
<asynchronous suspension>
#21     main (package:flutter_tools/executable.dart:99:3)
<asynchronous suspension>
```

## flutter doctor

```
[✓] Flutter (Channel stable, 3.29.2, on Microsoft Windows [Version 10.0.22631.4460], locale en-US) [309ms]
    • Flutter version 3.29.2 on channel stable at C:\soft\flutter
    • Upstream repository https://github.com/flutter/flutter.git
    • Framework revision c236373904 (4 weeks ago), 2025-03-13 16:17:06 -0400
    • Engine revision 18b71d647a
    • Dart version 3.7.2
    • DevTools version 2.42.3

[✓] Windows Version (11 Pro 64-bit, 23H2, 2009) [1,644ms]

[✓] Android toolchain - develop for Android devices (Android SDK version 35.0.0) [1,330ms]
    • Android SDK at C:\Users\vasili\AppData\Local\Android\sdk
    • Platform android-35, build-tools 35.0.0
    • Java binary at: C:\Program Files\Android\Android Studio\jbr\bin\java
      This is the JDK bundled with the latest Android Studio installation on this machine.
      To manually set the JDK path, use: `flutter config --jdk-dir="path/to/jdk"`.
    • Java version OpenJDK Runtime Environment (build 21.0.5+-12932927-b750.29)
    • All Android licenses accepted.

[✓] Chrome - develop for the web [64ms]
    • Chrome at C:\Program Files\Google\Chrome\Application\chrome.exe

[✓] Visual Studio - develop Windows apps (Visual Studio Community 2022 17.9.6) [63ms]
    • Visual Studio at C:\Program Files\Microsoft Visual Studio\2022\Community
    • Visual Studio Community 2022 version 17.9.34728.123
    • Windows 10 SDK version 10.0.22621.0

[✓] Android Studio (version 2024.3) [10ms]
    • Android Studio at C:\Program Files\Android\Android Studio
    • Flutter plugin can be installed from:
      🔨 https://plugins.jetbrains.com/plugin/9212-flutter
    • Dart plugin can be installed from:
      🔨 https://plugins.jetbrains.com/plugin/6351-dart
    • Java version OpenJDK Runtime Environment (build 21.0.5+-12932927-b750.29)

[✓] VS Code (version 1.99.1) [9ms]
    • VS Code at C:\Users\vasili\AppData\Local\Programs\Microsoft VS Code
    • Flutter extension can be installed from:
      🔨 https://marketplace.visualstudio.com/items?itemName=Dart-Code.flutter

[✓] Connected device (3 available) [122ms]
    • Windows (desktop) • windows • windows-x64    • Microsoft Windows [Version 10.0.22631.4460]
    • Chrome (web)      • chrome  • web-javascript • Google Chrome 135.0.7049.85
    • Edge (web)        • edge    • web-javascript • Microsoft Edge 126.0.2592.68

[✓] Network resources [866ms]
    • All expected network resources are available.

• No issues found!
```
