#
# A fatal error has been detected by the Java Runtime Environment:
#
#  Internal Error (opto/loopnode.hpp:1171), pid=27328, tid=21328
#  Error: guarantee(d->_idx < _idom_size) failed
#
# JRE version: OpenJDK Runtime Environment (21.0.5) (build 21.0.5+-12932927-b750.29)
# Java VM: OpenJDK 64-Bit Server VM (21.0.5+-12932927-b750.29, mixed mode, tiered, compressed oops, compressed class ptrs, g1 gc, windows-amd64)
# No core dump will be written. Minidumps are not enabled by default on client versions of Windows
#
# If you would like to submit a bug report, please visit:
#   https://youtrack.jetbrains.com/issues/JBR
#

---------------  S U M M A R Y ------------

Command Line: --add-opens=java.base/java.util=ALL-UNNAMED --add-opens=java.base/java.lang=ALL-UNNAMED --add-opens=java.base/java.lang.invoke=ALL-UNNAMED --add-opens=java.prefs/java.util.prefs=ALL-UNNAMED --add-exports=jdk.compiler/com.sun.tools.javac.api=ALL-UNNAMED --add-exports=jdk.compiler/com.sun.tools.javac.util=ALL-UNNAMED --add-opens=java.base/java.nio.charset=ALL-UNNAMED --add-opens=java.base/java.net=ALL-UNNAMED --add-opens=java.base/java.util.concurrent.atomic=ALL-UNNAMED -Xmx4G -Dfile.encoding=UTF-8 -Duser.country=US -Duser.language=en -Duser.variant -javaagent:C:\Users\vasili\.gradle\wrapper\dists\gradle-8.10.2-all\7iv73wktx1xtkvlq19urqw1wm\gradle-8.10.2\lib\agents\gradle-instrumentation-agent-8.10.2.jar org.gradle.launcher.daemon.bootstrap.GradleDaemon 8.10.2

Host: 11th Gen Intel(R) Core(TM) i5-11400 @ 2.60GHz, 12 cores, 31G,  Windows 11 , 64 bit Build 22621 (10.0.22621.4391)
Time: Sat Mar 29 09:44:34 2025 Caucasus Standard Time elapsed time: 9.222022 seconds (0d 0h 0m 9s)

---------------  T H R E A D  ---------------

Current thread (0x000001c467fdd500):  JavaThread "C2 CompilerThread2" daemon [_thread_in_native, id=21328, stack(0x00000025d4000000,0x00000025d4100000) (1024K)]


Current CompileTask:
C2:9222 4765   !   4       java.net.URLClassLoader$1::run (81 bytes)

Stack: [0x00000025d4000000,0x00000025d4100000]
Native frames: (J=compiled Java code, j=interpreted, Vv=VM code, C=native code)
V  [jvm.dll+0x6cfb29]
V  [jvm.dll+0x85ded3]
V  [jvm.dll+0x86042e]
V  [jvm.dll+0x860ac7]
V  [jvm.dll+0x27e637]
V  [jvm.dll+0x5fe4ac]
V  [jvm.dll+0x5fc961]
V  [jvm.dll+0x5fb451]
V  [jvm.dll+0x5fb23a]
V  [jvm.dll+0x5fa398]
V  [jvm.dll+0x250d62]
V  [jvm.dll+0x25111f]
V  [jvm.dll+0x2498d5]
V  [jvm.dll+0x24712e]
V  [jvm.dll+0x1c5ee4]
V  [jvm.dll+0x25697c]
V  [jvm.dll+0x254ec6]
V  [jvm.dll+0x3f0ce6]
V  [jvm.dll+0x806368]
V  [jvm.dll+0x6ce3fd]
C  [ucrtbase.dll+0x29333]
C  [KERNEL32.DLL+0x1259d]
C  [ntdll.dll+0x5af38]


---------------  P R O C E S S  ---------------

Threads class SMR info:
_java_thread_list=0x000001c46a7c91d0, length=36, elements={
0x000001c4454c4de0, 0x000001c45f9aa460, 0x000001c45f9ad180, 0x000001c45f9aff90,
0x000001c45f9b09e0, 0x000001c45f9b1520, 0x000001c45f9baf80, 0x000001c45f996890,
0x000001c45f997320, 0x000001c45fab8070, 0x000001c464130d50, 0x000001c4646586a0,
0x000001c4650bcca0, 0x000001c464043eb0, 0x000001c45fbefcc0, 0x000001c46561dbb0,
0x000001c46564a010, 0x000001c46402d990, 0x000001c4641ad770, 0x000001c4646faaf0,
0x000001c465bf1f80, 0x000001c465bf1260, 0x000001c465bf4050, 0x000001c465bf0bd0,
0x000001c465bf39c0, 0x000001c467fdd500, 0x000001c465bf2610, 0x000001c465bf18f0,
0x000001c465bf2ca0, 0x000001c465bf3330, 0x000001c466f6ddd0, 0x000001c466f6eaf0,
0x000001c466f71250, 0x000001c466f6e460, 0x000001c466f6f810, 0x000001c466f70530
}

Java Threads: ( => current thread )
  0x000001c4454c4de0 JavaThread "main"                              [_thread_blocked, id=20240, stack(0x00000025d1500000,0x00000025d1600000) (1024K)]
  0x000001c45f9aa460 JavaThread "Reference Handler"          daemon [_thread_blocked, id=5856, stack(0x00000025d1d00000,0x00000025d1e00000) (1024K)]
  0x000001c45f9ad180 JavaThread "Finalizer"                  daemon [_thread_blocked, id=31812, stack(0x00000025d1e00000,0x00000025d1f00000) (1024K)]
  0x000001c45f9aff90 JavaThread "Signal Dispatcher"          daemon [_thread_blocked, id=34064, stack(0x00000025d1f00000,0x00000025d2000000) (1024K)]
  0x000001c45f9b09e0 JavaThread "Attach Listener"            daemon [_thread_blocked, id=30484, stack(0x00000025d2000000,0x00000025d2100000) (1024K)]
  0x000001c45f9b1520 JavaThread "Service Thread"             daemon [_thread_blocked, id=20512, stack(0x00000025d2100000,0x00000025d2200000) (1024K)]
  0x000001c45f9baf80 JavaThread "Monitor Deflation Thread"   daemon [_thread_blocked, id=39120, stack(0x00000025d2200000,0x00000025d2300000) (1024K)]
  0x000001c45f996890 JavaThread "C2 CompilerThread0"         daemon [_thread_in_native, id=29364, stack(0x00000025d2300000,0x00000025d2400000) (1024K)]
  0x000001c45f997320 JavaThread "C1 CompilerThread0"         daemon [_thread_blocked, id=40584, stack(0x00000025d2400000,0x00000025d2500000) (1024K)]
  0x000001c45fab8070 JavaThread "Common-Cleaner"             daemon [_thread_blocked, id=34932, stack(0x00000025d2500000,0x00000025d2600000) (1024K)]
  0x000001c464130d50 JavaThread "Notification Thread"        daemon [_thread_blocked, id=33444, stack(0x00000025d2600000,0x00000025d2700000) (1024K)]
  0x000001c4646586a0 JavaThread "C2 CompilerThread1"         daemon [_thread_in_native, id=35056, stack(0x00000025d2700000,0x00000025d2800000) (1024K)]
  0x000001c4650bcca0 JavaThread "Daemon health stats"               [_thread_blocked, id=16964, stack(0x00000025d2800000,0x00000025d2900000) (1024K)]
  0x000001c464043eb0 JavaThread "Incoming local TCP Connector on port 52813"        [_thread_in_native, id=17260, stack(0x00000025d3200000,0x00000025d3300000) (1024K)]
  0x000001c45fbefcc0 JavaThread "Daemon periodic checks"            [_thread_blocked, id=37456, stack(0x00000025d3300000,0x00000025d3400000) (1024K)]
  0x000001c46561dbb0 JavaThread "Daemon"                            [_thread_blocked, id=1404, stack(0x00000025d3400000,0x00000025d3500000) (1024K)]
  0x000001c46564a010 JavaThread "Handler for socket connection from /127.0.0.1:52813 to /127.0.0.1:52814"        [_thread_in_native, id=8152, stack(0x00000025d3500000,0x00000025d3600000) (1024K)]
  0x000001c46402d990 JavaThread "Cancel handler"                    [_thread_blocked, id=35488, stack(0x00000025d3600000,0x00000025d3700000) (1024K)]
  0x000001c4641ad770 JavaThread "Daemon worker"                     [_thread_in_native, id=33056, stack(0x00000025d3700000,0x00000025d3800000) (1024K)]
  0x000001c4646faaf0 JavaThread "Asynchronous log dispatcher for DefaultDaemonConnection: socket connection from /127.0.0.1:52813 to /127.0.0.1:52814"        [_thread_blocked, id=18376, stack(0x00000025d3800000,0x00000025d3900000) (1024K)]
  0x000001c465bf1f80 JavaThread "Stdin handler"                     [_thread_blocked, id=36240, stack(0x00000025d3900000,0x00000025d3a00000) (1024K)]
  0x000001c465bf1260 JavaThread "Daemon client event forwarder"        [_thread_blocked, id=29844, stack(0x00000025d3a00000,0x00000025d3b00000) (1024K)]
  0x000001c465bf4050 JavaThread "Cache worker for journal cache (C:\Users\vasili\.gradle\caches\journal-1)"        [_thread_blocked, id=35652, stack(0x00000025d3d00000,0x00000025d3e00000) (1024K)]
  0x000001c465bf0bd0 JavaThread "File lock request listener"        [_thread_in_native, id=2296, stack(0x00000025d3e00000,0x00000025d3f00000) (1024K)]
  0x000001c465bf39c0 JavaThread "Cache worker for file hash cache (C:\Users\vasili\.gradle\caches\8.10.2\fileHashes)"        [_thread_blocked, id=32876, stack(0x00000025d3f00000,0x00000025d4000000) (1024K)]
=>0x000001c467fdd500 JavaThread "C2 CompilerThread2"         daemon [_thread_in_native, id=21328, stack(0x00000025d4000000,0x00000025d4100000) (1024K)]
  0x000001c465bf2610 JavaThread "Cache worker for file hash cache (C:\projects\picasso.store\android\.gradle\8.10.2\fileHashes)"        [_thread_blocked, id=40904, stack(0x00000025d4100000,0x00000025d4200000) (1024K)]
  0x000001c465bf18f0 JavaThread "Cache worker for Build Output Cleanup Cache (C:\projects\picasso.store\android\.gradle\buildOutputCleanup)"        [_thread_blocked, id=7216, stack(0x00000025d4200000,0x00000025d4300000) (1024K)]
  0x000001c465bf2ca0 JavaThread "File watcher server"        daemon [_thread_in_native, id=14376, stack(0x00000025d4300000,0x00000025d4400000) (1024K)]
  0x000001c465bf3330 JavaThread "File watcher consumer"      daemon [_thread_blocked, id=40672, stack(0x00000025d4400000,0x00000025d4500000) (1024K)]
  0x000001c466f6ddd0 JavaThread "Cache worker for checksums cache (C:\projects\picasso.store\android\.gradle\8.10.2\checksums)"        [_thread_blocked, id=40076, stack(0x00000025d4500000,0x00000025d4600000) (1024K)]
  0x000001c466f6eaf0 JavaThread "Cache worker for file content cache (C:\Users\vasili\.gradle\caches\8.10.2\fileContent)"        [_thread_blocked, id=5696, stack(0x00000025d4600000,0x00000025d4700000) (1024K)]
  0x000001c466f71250 JavaThread "Cache worker for cache directory md-rule (C:\Users\vasili\.gradle\caches\8.10.2\md-rule)"        [_thread_blocked, id=33524, stack(0x00000025d4700000,0x00000025d4800000) (1024K)]
  0x000001c466f6e460 JavaThread "Cache worker for cache directory md-supplier (C:\Users\vasili\.gradle\caches\8.10.2\md-supplier)"        [_thread_blocked, id=24728, stack(0x00000025d4800000,0x00000025d4900000) (1024K)]
  0x000001c466f6f810 JavaThread "jar transforms"                    [_thread_blocked, id=1592, stack(0x00000025d4900000,0x00000025d4a00000) (1024K)]
  0x000001c466f70530 JavaThread "Cache worker for Build Output Cleanup Cache (C:\soft\flutter\packages\flutter_tools\gradle\.gradle\buildOutputCleanup)"        [_thread_blocked, id=12956, stack(0x00000025d4a00000,0x00000025d4b00000) (1024K)]
Total: 36

Other Threads:
  0x000001c45f943740 VMThread "VM Thread"                           [id=25184, stack(0x00000025d1c00000,0x00000025d1d00000) (1024K)]
  0x000001c45f910da0 WatcherThread "VM Periodic Task Thread"        [id=12068, stack(0x00000025d1b00000,0x00000025d1c00000) (1024K)]
  0x000001c44552ea40 WorkerThread "GC Thread#0"                     [id=28728, stack(0x00000025d1600000,0x00000025d1700000) (1024K)]
  0x000001c4644c4fb0 WorkerThread "GC Thread#1"                     [id=12992, stack(0x00000025d2900000,0x00000025d2a00000) (1024K)]
  0x000001c464384540 WorkerThread "GC Thread#2"                     [id=23316, stack(0x00000025d2a00000,0x00000025d2b00000) (1024K)]
  0x000001c4643848e0 WorkerThread "GC Thread#3"                     [id=40216, stack(0x00000025d2b00000,0x00000025d2c00000) (1024K)]
  0x000001c4647a9140 WorkerThread "GC Thread#4"                     [id=12044, stack(0x00000025d2c00000,0x00000025d2d00000) (1024K)]
  0x000001c4647a94e0 WorkerThread "GC Thread#5"                     [id=6008, stack(0x00000025d2d00000,0x00000025d2e00000) (1024K)]
  0x000001c4647a9880 WorkerThread "GC Thread#6"                     [id=35628, stack(0x00000025d2e00000,0x00000025d2f00000) (1024K)]
  0x000001c4649fbaf0 WorkerThread "GC Thread#7"                     [id=36520, stack(0x00000025d2f00000,0x00000025d3000000) (1024K)]
  0x000001c4649fbe90 WorkerThread "GC Thread#8"                     [id=39856, stack(0x00000025d3000000,0x00000025d3100000) (1024K)]
  0x000001c4649fc230 WorkerThread "GC Thread#9"                     [id=6192, stack(0x00000025d3100000,0x00000025d3200000) (1024K)]
  0x000001c44553fa20 ConcurrentGCThread "G1 Main Marker"            [id=35248, stack(0x00000025d1700000,0x00000025d1800000) (1024K)]
  0x000001c445541eb0 WorkerThread "G1 Conc#0"                       [id=30148, stack(0x00000025d1800000,0x00000025d1900000) (1024K)]
  0x000001c464464200 WorkerThread "G1 Conc#1"                       [id=18920, stack(0x00000025d3b00000,0x00000025d3c00000) (1024K)]
  0x000001c464463380 WorkerThread "G1 Conc#2"                       [id=12004, stack(0x00000025d3c00000,0x00000025d3d00000) (1024K)]
  0x000001c45f77cb70 ConcurrentGCThread "G1 Refine#0"               [id=32736, stack(0x00000025d1900000,0x00000025d1a00000) (1024K)]
  0x000001c45f77d6e0 ConcurrentGCThread "G1 Service"                [id=11324, stack(0x00000025d1a00000,0x00000025d1b00000) (1024K)]
Total: 18

Threads with active compile tasks:
C2 CompilerThread0  9245 4764   !   4       java.net.URLClassLoader::findClass (47 bytes)
C2 CompilerThread1  9245 4721       4       java.net.URLClassLoader$1::run (5 bytes)
C2 CompilerThread2  9245 4765   !   4       java.net.URLClassLoader$1::run (81 bytes)
Total: 3

VM state: not at safepoint (normal execution)

VM Mutex/Monitor currently owned by a thread: None

Heap address: 0x0000000700000000, size: 4096 MB, Compressed Oops mode: Zero based, Oop shift amount: 3

CDS archive(s) not mapped
Compressed class space mapped at: 0x0000000800000000-0x0000000840000000, reserved size: 1073741824
Narrow klass base: 0x0000000800000000, Narrow klass shift: 0, Narrow klass range: 0x40000000

GC Precious Log:
 CardTable entry size: 512
 Card Set container configuration: InlinePtr #cards 4 size 8 Array Of Cards #cards 16 size 48 Howl #buckets 8 coarsen threshold 3686 Howl Bitmap #cards 512 size 80 coarsen threshold 460 Card regions per heap region 1 cards per card region 4096
 CPUs: 12 total, 12 available
 Memory: 32605M
 Large Page Support: Disabled
 NUMA Support: Disabled
 Compressed Oops: Enabled (Zero based)
 Heap Region Size: 2M
 Heap Min Capacity: 8M
 Heap Initial Capacity: 510M
 Heap Max Capacity: 4G
 Pre-touch: Disabled
 Parallel Workers: 10
 Concurrent Workers: 3
 Concurrent Refinement Workers: 10
 Periodic GC: Disabled

Heap:
 garbage-first heap   total 100352K, used 78202K [0x0000000700000000, 0x0000000800000000)
  region size 2048K, 25 young (51200K), 3 survivors (6144K)
 Metaspace       used 50937K, committed 52288K, reserved 1114112K
  class space    used 6778K, committed 7424K, reserved 1048576K

Heap Regions: E=young(eden), S=young(survivor), O=old, HS=humongous(starts), HC=humongous(continues), CS=collection set, F=free, TAMS=top-at-mark-start, PB=parsable bottom
|   0|0x0000000700000000, 0x0000000700200000, 0x0000000700200000|100%| O|  |TAMS 0x0000000700000000| PB 0x0000000700000000| Untracked 
|   1|0x0000000700200000, 0x0000000700400000, 0x0000000700400000|100%|HS|  |TAMS 0x0000000700200000| PB 0x0000000700200000| Complete 
|   2|0x0000000700400000, 0x0000000700600000, 0x0000000700600000|100%|HC|  |TAMS 0x0000000700400000| PB 0x0000000700400000| Complete 
|   3|0x0000000700600000, 0x0000000700800000, 0x0000000700800000|100%| O|  |TAMS 0x0000000700600000| PB 0x0000000700600000| Untracked 
|   4|0x0000000700800000, 0x0000000700a00000, 0x0000000700a00000|100%| O|  |TAMS 0x0000000700800000| PB 0x0000000700800000| Untracked 
|   5|0x0000000700a00000, 0x0000000700c00000, 0x0000000700c00000|100%| O|  |TAMS 0x0000000700a00000| PB 0x0000000700a00000| Untracked 
|   6|0x0000000700c00000, 0x0000000700e00000, 0x0000000700e00000|100%| O|  |TAMS 0x0000000700c00000| PB 0x0000000700c00000| Untracked 
|   7|0x0000000700e00000, 0x0000000701000000, 0x0000000701000000|100%| O|  |TAMS 0x0000000700e00000| PB 0x0000000700e00000| Untracked 
|   8|0x0000000701000000, 0x0000000701200000, 0x0000000701200000|100%| O|  |TAMS 0x0000000701000000| PB 0x0000000701000000| Untracked 
|   9|0x0000000701200000, 0x0000000701400000, 0x0000000701400000|100%| O|  |TAMS 0x0000000701200000| PB 0x0000000701200000| Untracked 
|  10|0x0000000701400000, 0x0000000701600000, 0x0000000701600000|100%| O|  |TAMS 0x0000000701400000| PB 0x0000000701400000| Untracked 
|  11|0x0000000701600000, 0x0000000701600000, 0x0000000701800000|  0%| F|  |TAMS 0x0000000701600000| PB 0x0000000701600000| Untracked 
|  12|0x0000000701800000, 0x0000000701800000, 0x0000000701a00000|  0%| F|  |TAMS 0x0000000701800000| PB 0x0000000701800000| Untracked 
|  13|0x0000000701a00000, 0x0000000701a00000, 0x0000000701c00000|  0%| F|  |TAMS 0x0000000701a00000| PB 0x0000000701a00000| Untracked 
|  14|0x0000000701c00000, 0x0000000701e00000, 0x0000000701e00000|100%| O|  |TAMS 0x0000000701c00000| PB 0x0000000701c00000| Untracked 
|  15|0x0000000701e00000, 0x0000000701e00000, 0x0000000702000000|  0%| F|  |TAMS 0x0000000701e00000| PB 0x0000000701e00000| Untracked 
|  16|0x0000000702000000, 0x0000000702000000, 0x0000000702200000|  0%| F|  |TAMS 0x0000000702000000| PB 0x0000000702000000| Untracked 
|  17|0x0000000702200000, 0x0000000702200000, 0x0000000702400000|  0%| F|  |TAMS 0x0000000702200000| PB 0x0000000702200000| Untracked 
|  18|0x0000000702400000, 0x0000000702400000, 0x0000000702600000|  0%| F|  |TAMS 0x0000000702400000| PB 0x0000000702400000| Untracked 
|  19|0x0000000702600000, 0x0000000702800000, 0x0000000702800000|100%| O|  |TAMS 0x0000000702600000| PB 0x0000000702600000| Untracked 
|  20|0x0000000702800000, 0x0000000702a00000, 0x0000000702a00000|100%| O|  |TAMS 0x0000000702800000| PB 0x0000000702800000| Untracked 
|  21|0x0000000702a00000, 0x0000000702c00000, 0x0000000702c00000|100%| S|CS|TAMS 0x0000000702a00000| PB 0x0000000702a00000| Complete 
|  22|0x0000000702c00000, 0x0000000702e00000, 0x0000000702e00000|100%| S|CS|TAMS 0x0000000702c00000| PB 0x0000000702c00000| Complete 
|  23|0x0000000702e00000, 0x0000000702e00000, 0x0000000703000000|  0%| F|  |TAMS 0x0000000702e00000| PB 0x0000000702e00000| Untracked 
|  24|0x0000000703000000, 0x0000000703000000, 0x0000000703200000|  0%| F|  |TAMS 0x0000000703000000| PB 0x0000000703000000| Untracked 
|  25|0x0000000703200000, 0x0000000703393610, 0x0000000703400000| 78%| E|  |TAMS 0x0000000703200000| PB 0x0000000703200000| Complete 
|  26|0x0000000703400000, 0x0000000703600000, 0x0000000703600000|100%| E|CS|TAMS 0x0000000703400000| PB 0x0000000703400000| Complete 
|  27|0x0000000703600000, 0x0000000703800000, 0x0000000703800000|100%| E|CS|TAMS 0x0000000703600000| PB 0x0000000703600000| Complete 
|  28|0x0000000703800000, 0x0000000703a00000, 0x0000000703a00000|100%| E|CS|TAMS 0x0000000703800000| PB 0x0000000703800000| Complete 
|  29|0x0000000703a00000, 0x0000000703c00000, 0x0000000703c00000|100%| E|CS|TAMS 0x0000000703a00000| PB 0x0000000703a00000| Complete 
|  30|0x0000000703c00000, 0x0000000703e00000, 0x0000000703e00000|100%| E|CS|TAMS 0x0000000703c00000| PB 0x0000000703c00000| Complete 
|  31|0x0000000703e00000, 0x0000000704000000, 0x0000000704000000|100%| E|CS|TAMS 0x0000000703e00000| PB 0x0000000703e00000| Complete 
|  32|0x0000000704000000, 0x0000000704200000, 0x0000000704200000|100%| E|CS|TAMS 0x0000000704000000| PB 0x0000000704000000| Complete 
|  33|0x0000000704200000, 0x0000000704400000, 0x0000000704400000|100%| E|CS|TAMS 0x0000000704200000| PB 0x0000000704200000| Complete 
|  34|0x0000000704400000, 0x0000000704600000, 0x0000000704600000|100%| E|CS|TAMS 0x0000000704400000| PB 0x0000000704400000| Complete 
|  35|0x0000000704600000, 0x0000000704800000, 0x0000000704800000|100%| E|CS|TAMS 0x0000000704600000| PB 0x0000000704600000| Complete 
|  36|0x0000000704800000, 0x0000000704a00000, 0x0000000704a00000|100%| E|CS|TAMS 0x0000000704800000| PB 0x0000000704800000| Complete 
|  37|0x0000000704a00000, 0x0000000704c00000, 0x0000000704c00000|100%| E|CS|TAMS 0x0000000704a00000| PB 0x0000000704a00000| Complete 
|  38|0x0000000704c00000, 0x0000000704e00000, 0x0000000704e00000|100%| E|CS|TAMS 0x0000000704c00000| PB 0x0000000704c00000| Complete 
|  39|0x0000000704e00000, 0x0000000705000000, 0x0000000705000000|100%| E|CS|TAMS 0x0000000704e00000| PB 0x0000000704e00000| Complete 
|  40|0x0000000705000000, 0x00000007050e9c80, 0x0000000705200000| 45%| S|CS|TAMS 0x0000000705000000| PB 0x0000000705000000| Complete 
| 239|0x000000071de00000, 0x000000071e000000, 0x000000071e000000|100%| E|CS|TAMS 0x000000071de00000| PB 0x000000071de00000| Complete 
| 240|0x000000071e000000, 0x000000071e200000, 0x000000071e200000|100%| E|CS|TAMS 0x000000071e000000| PB 0x000000071e000000| Complete 
| 241|0x000000071e200000, 0x000000071e400000, 0x000000071e400000|100%| E|CS|TAMS 0x000000071e200000| PB 0x000000071e200000| Complete 
| 242|0x000000071e400000, 0x000000071e600000, 0x000000071e600000|100%| E|CS|TAMS 0x000000071e400000| PB 0x000000071e400000| Complete 
| 243|0x000000071e600000, 0x000000071e800000, 0x000000071e800000|100%| E|CS|TAMS 0x000000071e600000| PB 0x000000071e600000| Complete 
| 244|0x000000071e800000, 0x000000071ea00000, 0x000000071ea00000|100%| E|CS|TAMS 0x000000071e800000| PB 0x000000071e800000| Complete 
| 254|0x000000071fc00000, 0x000000071fe00000, 0x000000071fe00000|100%| E|CS|TAMS 0x000000071fc00000| PB 0x000000071fc00000| Complete 
|2047|0x00000007ffe00000, 0x00000007fff74f70, 0x0000000800000000| 72%| O|  |TAMS 0x00000007ffe00000| PB 0x00000007ffe00000| Untracked 

Card table byte_map: [0x000001c458360000,0x000001c458b60000] _byte_map_base: 0x000001c454b60000

Marking Bits: (CMBitMap*) 0x000001c44552f140
 Bits: [0x000001c458b60000, 0x000001c45cb60000)

Polling page: 0x000001c444c80000

Metaspace:

Usage:
  Non-class:     43.12 MB used.
      Class:      6.62 MB used.
       Both:     49.74 MB used.

Virtual space:
  Non-class space:       64.00 MB reserved,      43.81 MB ( 68%) committed,  1 nodes.
      Class space:        1.00 GB reserved,       7.25 MB ( <1%) committed,  1 nodes.
             Both:        1.06 GB reserved,      51.06 MB (  5%) committed. 

Chunk freelists:
   Non-Class:  3.72 MB
       Class:  8.77 MB
        Both:  12.48 MB

MaxMetaspaceSize: unlimited
CompressedClassSpaceSize: 1.00 GB
Initial GC threshold: 21.00 MB
Current GC threshold: 58.88 MB
CDS: off
 - commit_granule_bytes: 65536.
 - commit_granule_words: 8192.
 - virtual_space_node_default_size: 8388608.
 - enlarge_chunks_in_place: 1.
 - use_allocation_guard: 0.


Internal statistics:

num_allocs_failed_limit: 6.
num_arena_births: 2488.
num_arena_deaths: 0.
num_vsnodes_births: 2.
num_vsnodes_deaths: 0.
num_space_committed: 817.
num_space_uncommitted: 0.
num_chunks_returned_to_freelist: 6.
num_chunks_taken_from_freelist: 4360.
num_chunk_merges: 6.
num_chunk_splits: 2857.
num_chunks_enlarged: 1790.
num_inconsistent_stats: 0.

CodeHeap 'non-profiled nmethods': size=120000Kb used=2593Kb max_used=2593Kb free=117406Kb
 bounds [0x000001c4500e0000, 0x000001c450370000, 0x000001c457610000]
CodeHeap 'profiled nmethods': size=120000Kb used=8722Kb max_used=8722Kb free=111277Kb
 bounds [0x000001c448610000, 0x000001c448ea0000, 0x000001c44fb40000]
CodeHeap 'non-nmethods': size=5760Kb used=2906Kb max_used=2939Kb free=2853Kb
 bounds [0x000001c44fb40000, 0x000001c44fe30000, 0x000001c4500e0000]
 total_blobs=5214 nmethods=4384 adapters=734
 compilation: enabled
              stopped_count=0, restarted_count=0
 full_count=0

Compilation events (20 events):
Event: 9.178 Thread 0x000001c45f997320 4770       3       org.gradle.model.internal.asm.ClassVisitorScope::addGetter (18 bytes)
Event: 9.179 Thread 0x000001c45f997320 nmethod 4770 0x000001c448e88e10 code [0x000001c448e89020, 0x000001c448e89830]
Event: 9.179 Thread 0x000001c45f997320 4772       3       org.gradle.model.internal.asm.MethodVisitorScope::_GETFIELD (11 bytes)
Event: 9.179 Thread 0x000001c45f997320 nmethod 4772 0x000001c448e89b10 code [0x000001c448e89d00, 0x000001c448e8a0e8]
Event: 9.179 Thread 0x000001c45f997320 4771       3       org.gradle.model.internal.asm.ClassVisitorScope$$Lambda/0x00000008002cb898::<init> (20 bytes)
Event: 9.179 Thread 0x000001c45f997320 nmethod 4771 0x000001c448e8a310 code [0x000001c448e8a4c0, 0x000001c448e8a758]
Event: 9.180 Thread 0x000001c45f997320 4774   !   3       java.util.AbstractList$Itr::next (46 bytes)
Event: 9.180 Thread 0x000001c45f997320 nmethod 4774 0x000001c448e8a810 code [0x000001c448e8aa20, 0x000001c448e8b038]
Event: 9.180 Thread 0x000001c45f997320 4775       3       org.gradle.internal.classpath.DefaultClassPath$ImmutableUniqueList::get (57 bytes)
Event: 9.180 Thread 0x000001c45f997320 nmethod 4775 0x000001c448e8b310 code [0x000001c448e8b580, 0x000001c448e8bd68]
Event: 9.181 Thread 0x000001c45f997320 4779       3       java.util.Properties::<init> (8 bytes)
Event: 9.181 Thread 0x000001c45f997320 nmethod 4779 0x000001c448e8c110 code [0x000001c448e8c320, 0x000001c448e8c7d8]
Event: 9.181 Thread 0x000001c45f997320 4780       3       org.gradle.api.internal.classpath.DefaultModuleRegistry::findDependencyJar (156 bytes)
Event: 9.183 Thread 0x000001c45f997320 nmethod 4780 0x000001c448e8c990 code [0x000001c448e8ce20, 0x000001c448e8f4b0]
Event: 9.183 Thread 0x000001c45f997320 4781       3       java.io.File::listFiles (52 bytes)
Event: 9.183 Thread 0x000001c45f997320 nmethod 4781 0x000001c448e8ff90 code [0x000001c448e90180, 0x000001c448e906f0]
Event: 9.184 Thread 0x000001c45f997320 4782       3       org.gradle.api.internal.classpath.DefaultModuleRegistry::findJar (192 bytes)
Event: 9.184 Thread 0x000001c45f997320 nmethod 4782 0x000001c448e90910 code [0x000001c448e90ca0, 0x000001c448e921d8]
Event: 9.186 Thread 0x000001c45f997320 4783       3       java.util.LinkedHashMap::keysToArray (7 bytes)
Event: 9.186 Thread 0x000001c45f997320 nmethod 4783 0x000001c448e92910 code [0x000001c448e92ac0, 0x000001c448e92c00]

GC Heap History (18 events):
Event: 0.263 GC heap before
{Heap before GC invocations=0 (full 0):
 garbage-first heap   total 522240K, used 22528K [0x0000000700000000, 0x0000000800000000)
  region size 2048K, 12 young (24576K), 0 survivors (0K)
 Metaspace       used 7993K, committed 8128K, reserved 1114112K
  class space    used 709K, committed 768K, reserved 1048576K
}
Event: 0.266 GC heap after
{Heap after GC invocations=1 (full 0):
 garbage-first heap   total 522240K, used 4681K [0x0000000700000000, 0x0000000800000000)
  region size 2048K, 2 young (4096K), 2 survivors (4096K)
 Metaspace       used 7993K, committed 8128K, reserved 1114112K
  class space    used 709K, committed 768K, reserved 1048576K
}
Event: 1.380 GC heap before
{Heap before GC invocations=1 (full 0):
 garbage-first heap   total 522240K, used 47689K [0x0000000700000000, 0x0000000800000000)
  region size 2048K, 21 young (43008K), 2 survivors (4096K)
 Metaspace       used 12139K, committed 12352K, reserved 1114112K
  class space    used 1276K, committed 1408K, reserved 1048576K
}
Event: 1.382 GC heap after
{Heap after GC invocations=2 (full 0):
 garbage-first heap   total 522240K, used 11912K [0x0000000700000000, 0x0000000800000000)
  region size 2048K, 2 young (4096K), 2 survivors (4096K)
 Metaspace       used 12139K, committed 12352K, reserved 1114112K
  class space    used 1276K, committed 1408K, reserved 1048576K
}
Event: 6.781 GC heap before
{Heap before GC invocations=2 (full 0):
 garbage-first heap   total 522240K, used 61064K [0x0000000700000000, 0x0000000800000000)
  region size 2048K, 27 young (55296K), 2 survivors (4096K)
 Metaspace       used 17879K, committed 18240K, reserved 1114112K
  class space    used 2034K, committed 2176K, reserved 1048576K
}
Event: 6.784 GC heap after
{Heap after GC invocations=3 (full 0):
 garbage-first heap   total 522240K, used 18608K [0x0000000700000000, 0x0000000800000000)
  region size 2048K, 4 young (8192K), 4 survivors (8192K)
 Metaspace       used 17879K, committed 18240K, reserved 1114112K
  class space    used 2034K, committed 2176K, reserved 1048576K
}
Event: 6.984 GC heap before
{Heap before GC invocations=3 (full 0):
 garbage-first heap   total 522240K, used 37040K [0x0000000700000000, 0x0000000800000000)
  region size 2048K, 14 young (28672K), 4 survivors (8192K)
 Metaspace       used 21138K, committed 21504K, reserved 1114112K
  class space    used 2427K, committed 2624K, reserved 1048576K
}
Event: 6.986 GC heap after
{Heap after GC invocations=4 (full 0):
 garbage-first heap   total 522240K, used 20882K [0x0000000700000000, 0x0000000800000000)
  region size 2048K, 6 young (12288K), 6 survivors (12288K)
 Metaspace       used 21138K, committed 21504K, reserved 1114112K
  class space    used 2427K, committed 2624K, reserved 1048576K
}
Event: 7.622 GC heap before
{Heap before GC invocations=5 (full 0):
 garbage-first heap   total 81920K, used 76178K [0x0000000700000000, 0x0000000800000000)
  region size 2048K, 34 young (69632K), 6 survivors (12288K)
 Metaspace       used 29637K, committed 30272K, reserved 1114112K
  class space    used 3769K, committed 4096K, reserved 1048576K
}
Event: 7.626 GC heap after
{Heap after GC invocations=6 (full 0):
 garbage-first heap   total 96256K, used 24187K [0x0000000700000000, 0x0000000800000000)
  region size 2048K, 7 young (14336K), 7 survivors (14336K)
 Metaspace       used 29637K, committed 30272K, reserved 1114112K
  class space    used 3769K, committed 4096K, reserved 1048576K
}
Event: 8.101 GC heap before
{Heap before GC invocations=6 (full 0):
 garbage-first heap   total 96256K, used 65147K [0x0000000700000000, 0x0000000800000000)
  region size 2048K, 28 young (57344K), 7 survivors (14336K)
 Metaspace       used 34995K, committed 35840K, reserved 1114112K
  class space    used 4653K, committed 5056K, reserved 1048576K
}
Event: 8.105 GC heap after
{Heap after GC invocations=7 (full 0):
 garbage-first heap   total 96256K, used 26424K [0x0000000700000000, 0x0000000800000000)
  region size 2048K, 4 young (8192K), 4 survivors (8192K)
 Metaspace       used 34995K, committed 35840K, reserved 1114112K
  class space    used 4653K, committed 5056K, reserved 1048576K
}
Event: 8.126 GC heap before
{Heap before GC invocations=7 (full 0):
 garbage-first heap   total 96256K, used 28472K [0x0000000700000000, 0x0000000800000000)
  region size 2048K, 6 young (12288K), 4 survivors (8192K)
 Metaspace       used 35235K, committed 36096K, reserved 1114112K
  class space    used 4691K, committed 5120K, reserved 1048576K
}
Event: 8.128 GC heap after
{Heap after GC invocations=8 (full 0):
 garbage-first heap   total 96256K, used 26452K [0x0000000700000000, 0x0000000800000000)
  region size 2048K, 2 young (4096K), 2 survivors (4096K)
 Metaspace       used 35235K, committed 36096K, reserved 1114112K
  class space    used 4691K, committed 5120K, reserved 1048576K
}
Event: 8.630 GC heap before
{Heap before GC invocations=9 (full 0):
 garbage-first heap   total 96256K, used 77652K [0x0000000700000000, 0x0000000800000000)
  region size 2048K, 28 young (57344K), 2 survivors (4096K)
 Metaspace       used 44826K, committed 46080K, reserved 1114112K
  class space    used 5940K, committed 6592K, reserved 1048576K
}
Event: 8.633 GC heap after
{Heap after GC invocations=10 (full 0):
 garbage-first heap   total 96256K, used 31370K [0x0000000700000000, 0x0000000800000000)
  region size 2048K, 4 young (8192K), 4 survivors (8192K)
 Metaspace       used 44826K, committed 46080K, reserved 1114112K
  class space    used 5940K, committed 6592K, reserved 1048576K
}
Event: 9.009 GC heap before
{Heap before GC invocations=10 (full 0):
 garbage-first heap   total 96256K, used 82570K [0x0000000700000000, 0x0000000800000000)
  region size 2048K, 28 young (57344K), 4 survivors (8192K)
 Metaspace       used 49007K, committed 50240K, reserved 1114112K
  class space    used 6465K, committed 7104K, reserved 1048576K
}
Event: 9.013 GC heap after
{Heap after GC invocations=11 (full 0):
 garbage-first heap   total 100352K, used 35194K [0x0000000700000000, 0x0000000800000000)
  region size 2048K, 3 young (6144K), 3 survivors (6144K)
 Metaspace       used 49007K, committed 50240K, reserved 1114112K
  class space    used 6465K, committed 7104K, reserved 1048576K
}

Dll operation events (3 events):
Event: 0.006 Loaded shared library C:\Program Files\Android\Android Studio\jbr\bin\java.dll
Event: 0.010 Loaded shared library C:\Program Files\Android\Android Studio\jbr\bin\zip.dll
Event: 0.284 Loaded shared library C:\Program Files\Android\Android Studio\jbr\bin\verify.dll

Deoptimization events (20 events):
Event: 9.094 Thread 0x000001c4641ad770 DEOPT PACKING pc=0x000001c4502b5eec sp=0x00000025d37f9060
Event: 9.094 Thread 0x000001c4641ad770 DEOPT UNPACKING pc=0x000001c44fb97da2 sp=0x00000025d37f9008 mode 2
Event: 9.105 Thread 0x000001c4641ad770 Uncommon trap: trap_request=0xffffffc6 fr.pc=0x000001c4502b5eec relative=0x000000000000030c
Event: 9.105 Thread 0x000001c4641ad770 Uncommon trap: reason=bimorphic_or_optimized_type_check action=maybe_recompile pc=0x000001c4502b5eec method=com.google.common.base.CharMatcher.indexIn(Ljava/lang/CharSequence;I)I @ 31 c2
Event: 9.105 Thread 0x000001c4641ad770 DEOPT PACKING pc=0x000001c4502b5eec sp=0x00000025d37f9c70
Event: 9.105 Thread 0x000001c4641ad770 DEOPT UNPACKING pc=0x000001c44fb97da2 sp=0x00000025d37f9c18 mode 2
Event: 9.181 Thread 0x000001c4641ad770 Uncommon trap: trap_request=0xffffffcc fr.pc=0x000001c450338bf0 relative=0x0000000000005750
Event: 9.181 Thread 0x000001c4641ad770 Uncommon trap: reason=intrinsic_or_type_checked_inlining action=make_not_entrant pc=0x000001c450338bf0 method=java.util.ArrayList$SubList.toArray([Ljava/lang/Object;)[Ljava/lang/Object; @ 58 c2
Event: 9.181 Thread 0x000001c4641ad770 DEOPT PACKING pc=0x000001c450338bf0 sp=0x00000025d37f6fa0
Event: 9.181 Thread 0x000001c4641ad770 DEOPT UNPACKING pc=0x000001c44fb97da2 sp=0x00000025d37f6e70 mode 2
Event: 9.182 Thread 0x000001c4641ad770 DEOPT PACKING pc=0x000001c44866cc0d sp=0x00000025d37f6cb0
Event: 9.182 Thread 0x000001c4641ad770 DEOPT UNPACKING pc=0x000001c44fb988e2 sp=0x00000025d37f61a0 mode 0
Event: 9.182 Thread 0x000001c4641ad770 DEOPT PACKING pc=0x000001c44866ed86 sp=0x00000025d37f6cc0
Event: 9.182 Thread 0x000001c4641ad770 DEOPT UNPACKING pc=0x000001c44fb988e2 sp=0x00000025d37f61a8 mode 0
Event: 9.185 Thread 0x000001c4641ad770 DEOPT PACKING pc=0x000001c448a9ded6 sp=0x00000025d37f67e0
Event: 9.185 Thread 0x000001c4641ad770 DEOPT UNPACKING pc=0x000001c44fb988e2 sp=0x00000025d37f5d28 mode 0
Event: 9.185 Thread 0x000001c4641ad770 DEOPT PACKING pc=0x000001c44866ed86 sp=0x00000025d37f6cc0
Event: 9.185 Thread 0x000001c4641ad770 DEOPT UNPACKING pc=0x000001c44fb988e2 sp=0x00000025d37f61a8 mode 0
Event: 9.185 Thread 0x000001c4641ad770 DEOPT PACKING pc=0x000001c44866cc0d sp=0x00000025d37f6cb0
Event: 9.185 Thread 0x000001c4641ad770 DEOPT UNPACKING pc=0x000001c44fb988e2 sp=0x00000025d37f61a0 mode 0

Classes loaded (20 events):
Event: 9.035 Loading class java/util/AbstractCollectionCustomizer
Event: 9.035 Loading class java/util/AbstractCollectionCustomizer done
Event: 9.072 Loading class java/util/PrimitiveIterator$OfInt
Event: 9.072 Loading class java/util/PrimitiveIterator
Event: 9.072 Loading class java/util/PrimitiveIterator done
Event: 9.072 Loading class java/util/PrimitiveIterator$OfInt done
Event: 9.074 Loading class java/util/concurrent/RecursiveAction
Event: 9.074 Loading class java/util/concurrent/RecursiveAction done
Event: 9.082 Loading class java/util/DualPivotQuicksort
Event: 9.082 Loading class java/util/DualPivotQuicksort done
Event: 9.109 Loading class java/util/stream/ReduceOps$2
Event: 9.109 Loading class java/util/stream/ReduceOps$2 done
Event: 9.109 Loading class java/util/stream/ReduceOps$2ReducingSink
Event: 9.109 Loading class java/util/stream/ReduceOps$2ReducingSink done
Event: 9.113 Loading class java/lang/StringIndexOutOfBoundsException
Event: 9.113 Loading class java/lang/StringIndexOutOfBoundsException done
Event: 9.149 Loading class java/util/Collections$SynchronizedRandomAccessList
Event: 9.149 Loading class java/util/Collections$SynchronizedList
Event: 9.150 Loading class java/util/Collections$SynchronizedList done
Event: 9.150 Loading class java/util/Collections$SynchronizedRandomAccessList done

Classes unloaded (0 events):
No events

Classes redefined (0 events):
No events

Internal exceptions (20 events):
Event: 9.084 Thread 0x000001c4641ad770 Exception <a 'java/lang/ClassNotFoundException'{0x000000071df79fe8}: org/gradle/plugin/management/internal/DefaultPluginManagementSpec$PluginDependencySpecImplBeanInfo> (0x000000071df79fe8) 
thrown [s\src\hotspot\share\classfile\systemDictionary.cpp, line 312]
Event: 9.085 Thread 0x000001c4641ad770 Exception <a 'java/lang/ClassNotFoundException'{0x000000071df8e210}: org/gradle/plugin/management/internal/DefaultPluginManagementSpec$PluginDependencySpecImplCustomizer> (0x000000071df8e210) 
thrown [s\src\hotspot\share\classfile\systemDictionary.cpp, line 312]
Event: 9.090 Thread 0x000001c4641ad770 Exception <a 'java/lang/ClassNotFoundException'{0x000000071dfe34c0}: org/gradle/plugin/use/internal/PluginRequestCollector$PluginDependenciesSpecImplBeanInfo> (0x000000071dfe34c0) 
thrown [s\src\hotspot\share\classfile\systemDictionary.cpp, line 312]
Event: 9.090 Thread 0x000001c4641ad770 Exception <a 'java/lang/ClassNotFoundException'{0x000000071dff2e00}: org/gradle/plugin/use/internal/PluginRequestCollector$PluginDependenciesSpecImplCustomizer> (0x000000071dff2e00) 
thrown [s\src\hotspot\share\classfile\systemDictionary.cpp, line 312]
Event: 9.091 Thread 0x000001c4641ad770 Exception <a 'java/lang/NoSuchMethodError'{0x000000071dffd328}: 'java.lang.Object java.lang.invoke.DirectMethodHandle$Holder.invokeVirtual(java.lang.Object, java.lang.Object, java.lang.Object, int)'> (0x000000071dffd328) 
thrown [s\src\hotspot\share\interpreter\linkResolver.cpp, line 784]
Event: 9.093 Thread 0x000001c4641ad770 Exception <a 'java/lang/ClassNotFoundException'{0x0000000704e47070}: org/gradle/plugin/use/internal/PluginRequestCollector$PluginDependencySpecImplBeanInfo> (0x0000000704e47070) 
thrown [s\src\hotspot\share\classfile\systemDictionary.cpp, line 312]
Event: 9.093 Thread 0x000001c4641ad770 Exception <a 'java/lang/ClassNotFoundException'{0x0000000704e56890}: org/gradle/plugin/use/internal/PluginRequestCollector$PluginDependencySpecImplCustomizer> (0x0000000704e56890) 
thrown [s\src\hotspot\share\classfile\systemDictionary.cpp, line 312]
Event: 9.095 Thread 0x000001c4641ad770 Exception <a 'java/lang/NoSuchMethodError'{0x0000000704e707e8}: 'void java.lang.invoke.DirectMethodHandle$Holder.invokeStatic(java.lang.Object, java.lang.Object, java.lang.Object, java.lang.Object, java.lang.Object, java.lang.Object)'> (0x0000000704e707e8) 
thrown [s\src\hotspot\share\interpreter\linkResolver.cpp, line 784]
Event: 9.096 Thread 0x000001c4641ad770 Exception <a 'java/lang/NoSuchMethodError'{0x0000000704e92e90}: 'java.lang.Object java.lang.invoke.DirectMethodHandle$Holder.invokeVirtual(java.lang.Object, java.lang.Object, java.lang.Object, java.lang.Object, java.lang.Object, java.lang.Object, java.lang.Object, java.lang.Object, java.lang.Object, java.lang.Object, java.lang.Object, java.lang.Object, java.lang.Object)'> (0x0000000704e92e90) 
thrown [s\src\hotspot\share\interpreter\linkResolver.cpp, line 784]
Event: 9.096 Thread 0x000001c4641ad770 Exception <a 'java/lang/NoSuchMethodError'{0x0000000704e98308}: 'java.lang.Object java.lang.invoke.DirectMethodHandle$Holder.invokeSpecial(java.lang.Object, java.lang.Object, java.lang.Object, java.lang.Object, java.lang.Object, java.lang.Object, java.lang.Object, java.lang.Object, java.lang.Object, java.lang.Object, java.lang.Object, java.lang.Object, java.lang.Object, java.lang.Object)'> (0x0000000704e98308) 
thrown [s\src\hotspot\share\interpreter\linkResolver.cpp, line 784]
Event: 9.096 Thread 0x000001c4641ad770 Exception <a 'java/lang/NoSuchMethodError'{0x0000000704e9d298}: 'java.lang.Object java.lang.invoke.DelegatingMethodHandle$Holder.reinvoke_L(java.lang.Object, java.lang.Object, java.lang.Object, java.lang.Object, java.lang.Object, java.lang.Object, java.lang.Object, java.lang.Object, java.lang.Object, java.lang.Object, java.lang.Object, java.lang.Object, java.lang.Object)'> (0x0000000704e9d298) 
thrown [s\src\hotspot\share\interpreter\linkResolver.cpp, line 784]
Event: 9.102 Thread 0x000001c4641ad770 Exception <a 'java/lang/IncompatibleClassChangeError'{0x0000000704fa8070}: Found class java.lang.Object, but interface was expected> (0x0000000704fa8070) 
thrown [s\src\hotspot\share\interpreter\linkResolver.cpp, line 851]
Event: 9.129 Thread 0x000001c4641ad770 Exception <a 'sun/nio/fs/WindowsException'{0x0000000704d6c0c0}> (0x0000000704d6c0c0) 
thrown [s\src\hotspot\share\prims\jni.cpp, line 535]
Event: 9.129 Thread 0x000001c4641ad770 Exception <a 'sun/nio/fs/WindowsException'{0x0000000704d6db00}> (0x0000000704d6db00) 
thrown [s\src\hotspot\share\prims\jni.cpp, line 535]
Event: 9.129 Thread 0x000001c4641ad770 Exception <a 'sun/nio/fs/WindowsException'{0x0000000704d6f530}> (0x0000000704d6f530) 
thrown [s\src\hotspot\share\prims\jni.cpp, line 535]
Event: 9.130 Thread 0x000001c4641ad770 Exception <a 'sun/nio/fs/WindowsException'{0x0000000704d70f50}> (0x0000000704d70f50) 
thrown [s\src\hotspot\share\prims\jni.cpp, line 535]
Event: 9.143 Thread 0x000001c4641ad770 Exception <a 'java/lang/NoSuchMethodError'{0x0000000704aecfb8}: 'java.lang.Object java.lang.invoke.Invokers$Holder.invoker(java.lang.Object, java.lang.Object, java.lang.Object, java.lang.Object, java.lang.Object, java.lang.Object)'> (0x0000000704aecfb8) 
thrown [s\src\hotspot\share\interpreter\linkResolver.cpp, line 784]
Event: 9.155 Thread 0x000001c4641ad770 Exception <a 'java/lang/NoSuchMethodError'{0x00000007048184f0}: 'java.lang.Object java.lang.invoke.Invokers$Holder.invoker(java.lang.Object, java.lang.Object, java.lang.Object, java.lang.Object, java.lang.Object)'> (0x00000007048184f0) 
thrown [s\src\hotspot\share\interpreter\linkResolver.cpp, line 784]
Event: 9.159 Thread 0x000001c4641ad770 Exception <a 'java/lang/NoSuchMethodError'{0x0000000704839630}: 'java.lang.Object java.lang.invoke.Invokers$Holder.invoker(java.lang.Object, java.lang.Object, java.lang.Object, java.lang.Object, java.lang.Object, java.lang.Object, java.lang.Object, java.lang.Object, java.lang.Object, java.lang.Object, java.lang.Object, java.lang.Object, java.lang.Object, java.lang.Object, java.lang.Object, java.lang.Object, java.lang.Object, java.lang.Object, java.lang.Object, java.lang.Object, java.lang.Object, java.lang.
Event: 9.160 Thread 0x000001c4641ad770 Exception <a 'java/lang/NoSuchMethodError'{0x0000000704840150}: 'java.lang.Object java.lang.invoke.DelegatingMethodHandle$Holder.delegate(java.lang.Object, java.lang.Object, java.lang.Object, java.lang.Object, java.lang.Object, java.lang.Object, java.lang.Object, java.lang.Object, java.lang.Object, java.lang.Object, java.lang.Object, java.lang.Object, java.lang.Object, java.lang.Object, java.lang.Object, java.lang.Object, java.lang.Object, java.lang.Object, java.lang.Object, java.lang.Object, java.lang.Obj

ZGC Phase Switch (0 events):
No events

VM Operations (20 events):
Event: 8.618 Executing VM operation: HandshakeAllThreads (Deoptimize)
Event: 8.618 Executing VM operation: HandshakeAllThreads (Deoptimize) done
Event: 8.630 Executing VM operation: G1CollectForAllocation (G1 Evacuation Pause)
Event: 8.633 Executing VM operation: G1CollectForAllocation (G1 Evacuation Pause) done
Event: 8.662 Executing VM operation: HandshakeAllThreads (Deoptimize)
Event: 8.662 Executing VM operation: HandshakeAllThreads (Deoptimize) done
Event: 8.748 Executing VM operation: ICBufferFull
Event: 8.749 Executing VM operation: ICBufferFull done
Event: 8.760 Executing VM operation: HandshakeAllThreads (Deoptimize)
Event: 8.760 Executing VM operation: HandshakeAllThreads (Deoptimize) done
Event: 8.770 Executing VM operation: HandshakeAllThreads (Deoptimize)
Event: 8.770 Executing VM operation: HandshakeAllThreads (Deoptimize) done
Event: 8.958 Executing VM operation: ICBufferFull
Event: 8.958 Executing VM operation: ICBufferFull done
Event: 8.977 Executing VM operation: HandshakeAllThreads (Deoptimize)
Event: 8.977 Executing VM operation: HandshakeAllThreads (Deoptimize) done
Event: 8.978 Executing VM operation: HandshakeAllThreads (Deoptimize)
Event: 8.978 Executing VM operation: HandshakeAllThreads (Deoptimize) done
Event: 9.009 Executing VM operation: G1CollectForAllocation (G1 Evacuation Pause)
Event: 9.013 Executing VM operation: G1CollectForAllocation (G1 Evacuation Pause) done

Memory protections (0 events):
No events

Nmethod flushes (20 events):
Event: 8.134 Thread 0x000001c45f943740 flushing  nmethod 0x000001c4486ecb10
Event: 8.134 Thread 0x000001c45f943740 flushing  nmethod 0x000001c4486edb10
Event: 8.134 Thread 0x000001c45f943740 flushing  nmethod 0x000001c4486f0310
Event: 8.134 Thread 0x000001c45f943740 flushing  nmethod 0x000001c4486f4e90
Event: 8.134 Thread 0x000001c45f943740 flushing  nmethod 0x000001c4486f5690
Event: 8.134 Thread 0x000001c45f943740 flushing  nmethod 0x000001c4486f7f10
Event: 8.134 Thread 0x000001c45f943740 flushing  nmethod 0x000001c4486f9b90
Event: 8.134 Thread 0x000001c45f943740 flushing  nmethod 0x000001c4486fb990
Event: 8.134 Thread 0x000001c45f943740 flushing  nmethod 0x000001c448743f10
Event: 8.134 Thread 0x000001c45f943740 flushing  nmethod 0x000001c448744290
Event: 8.134 Thread 0x000001c45f943740 flushing  nmethod 0x000001c448745190
Event: 8.134 Thread 0x000001c45f943740 flushing  nmethod 0x000001c448746810
Event: 8.134 Thread 0x000001c45f943740 flushing  nmethod 0x000001c448749a10
Event: 8.134 Thread 0x000001c45f943740 flushing  nmethod 0x000001c44879c490
Event: 8.134 Thread 0x000001c45f943740 flushing  nmethod 0x000001c4487fb910
Event: 8.134 Thread 0x000001c45f943740 flushing  nmethod 0x000001c448809510
Event: 8.134 Thread 0x000001c45f943740 flushing  nmethod 0x000001c44880f610
Event: 8.134 Thread 0x000001c45f943740 flushing  nmethod 0x000001c4488ba190
Event: 8.134 Thread 0x000001c45f943740 flushing  nmethod 0x000001c4488bda10
Event: 8.134 Thread 0x000001c45f943740 flushing  nmethod 0x000001c4488bdd90

Events (20 events):
Event: 6.909 Thread 0x000001c46561dbb0 Thread added: 0x000001c46564a010
Event: 6.933 Thread 0x000001c46561dbb0 Thread added: 0x000001c46402d990
Event: 6.938 Thread 0x000001c46561dbb0 Thread added: 0x000001c4641ad770
Event: 6.945 Thread 0x000001c4641ad770 Thread added: 0x000001c4646faaf0
Event: 6.947 Thread 0x000001c4641ad770 Thread added: 0x000001c465bf1f80
Event: 6.949 Thread 0x000001c4641ad770 Thread added: 0x000001c465bf1260
Event: 7.202 Thread 0x000001c4641ad770 Thread added: 0x000001c465bf4050
Event: 7.209 Thread 0x000001c4641ad770 Thread added: 0x000001c465bf0bd0
Event: 7.229 Thread 0x000001c4641ad770 Thread added: 0x000001c465bf39c0
Event: 7.462 Thread 0x000001c45f997320 Thread added: 0x000001c467fdd500
Event: 7.784 Thread 0x000001c4641ad770 Thread added: 0x000001c465bf2610
Event: 7.798 Thread 0x000001c4641ad770 Thread added: 0x000001c465bf18f0
Event: 7.968 Thread 0x000001c4641ad770 Thread added: 0x000001c465bf2ca0
Event: 7.973 Thread 0x000001c4641ad770 Thread added: 0x000001c465bf3330
Event: 8.156 Thread 0x000001c4641ad770 Thread added: 0x000001c466f6ddd0
Event: 8.178 Thread 0x000001c4641ad770 Thread added: 0x000001c466f6eaf0
Event: 8.265 Thread 0x000001c4641ad770 Thread added: 0x000001c466f71250
Event: 8.323 Thread 0x000001c4641ad770 Thread added: 0x000001c466f6e460
Event: 8.829 Thread 0x000001c4641ad770 Thread added: 0x000001c466f6f810
Event: 9.120 Thread 0x000001c4641ad770 Thread added: 0x000001c466f70530


Dynamic libraries:
0x00007ff714810000 - 0x00007ff71481a000 	C:\Program Files\Android\Android Studio\jbr\bin\java.exe
0x00007ffa1a7d0000 - 0x00007ffa1a9e7000 	C:\WINDOWS\SYSTEM32\ntdll.dll
0x00007ff9f5940000 - 0x00007ff9f595a000 	C:\Program Files\Avast Software\Avast\aswhook.dll
0x00007ffa19240000 - 0x00007ffa19304000 	C:\WINDOWS\System32\KERNEL32.DLL
0x00007ffa18100000 - 0x00007ffa184b9000 	C:\WINDOWS\System32\KERNELBASE.dll
0x00007ffa17bf0000 - 0x00007ffa17d01000 	C:\WINDOWS\System32\ucrtbase.dll
0x00007ffa09200000 - 0x00007ffa09218000 	C:\Program Files\Android\Android Studio\jbr\bin\jli.dll
0x00007ffa00ef0000 - 0x00007ffa00f0b000 	C:\Program Files\Android\Android Studio\jbr\bin\VCRUNTIME140.dll
0x00007ffa19420000 - 0x00007ffa195ce000 	C:\WINDOWS\System32\USER32.dll
0x00007ffa17d10000 - 0x00007ffa17d36000 	C:\WINDOWS\System32\win32u.dll
0x00007ffa03600000 - 0x00007ffa03892000 	C:\WINDOWS\WinSxS\amd64_microsoft.windows.common-controls_6595b64144ccf1df_6.0.22621.4391_none_2715d37f73803e96\COMCTL32.dll
0x00007ffa193b0000 - 0x00007ffa193d9000 	C:\WINDOWS\System32\GDI32.dll
0x00007ffa17ad0000 - 0x00007ffa17beb000 	C:\WINDOWS\System32\gdi32full.dll
0x00007ffa1a190000 - 0x00007ffa1a237000 	C:\WINDOWS\System32\msvcrt.dll
0x00007ffa17d40000 - 0x00007ffa17dda000 	C:\WINDOWS\System32\msvcp_win.dll
0x00007ffa193e0000 - 0x00007ffa19411000 	C:\WINDOWS\System32\IMM32.DLL
0x00007ffa11690000 - 0x00007ffa1169c000 	C:\Program Files\Android\Android Studio\jbr\bin\vcruntime140_1.dll
0x00007ffa01b90000 - 0x00007ffa01c1d000 	C:\Program Files\Android\Android Studio\jbr\bin\msvcp140.dll
0x00007ff9c61c0000 - 0x00007ff9c6e4a000 	C:\Program Files\Android\Android Studio\jbr\bin\server\jvm.dll
0x00007ffa1a320000 - 0x00007ffa1a3d2000 	C:\WINDOWS\System32\ADVAPI32.dll
0x00007ffa1a460000 - 0x00007ffa1a507000 	C:\WINDOWS\System32\sechost.dll
0x00007ffa184c0000 - 0x00007ffa184e8000 	C:\WINDOWS\System32\bcrypt.dll
0x00007ffa19f70000 - 0x00007ffa1a084000 	C:\WINDOWS\System32\RPCRT4.dll
0x00007ffa1a2a0000 - 0x00007ffa1a311000 	C:\WINDOWS\System32\WS2_32.dll
0x00007ffa179a0000 - 0x00007ffa179ed000 	C:\WINDOWS\SYSTEM32\POWRPROF.dll
0x00007ffa0d1e0000 - 0x00007ffa0d214000 	C:\WINDOWS\SYSTEM32\WINMM.dll
0x00007ffa10bb0000 - 0x00007ffa10bba000 	C:\WINDOWS\SYSTEM32\VERSION.dll
0x00007ffa17980000 - 0x00007ffa17993000 	C:\WINDOWS\SYSTEM32\UMPDC.dll
0x00007ffa16b10000 - 0x00007ffa16b28000 	C:\WINDOWS\SYSTEM32\kernel.appcore.dll
0x00007ffa08960000 - 0x00007ffa0896a000 	C:\Program Files\Android\Android Studio\jbr\bin\jimage.dll
0x00007ffa0f150000 - 0x00007ffa0f382000 	C:\WINDOWS\SYSTEM32\DBGHELP.DLL
0x00007ffa18500000 - 0x00007ffa1888f000 	C:\WINDOWS\System32\combase.dll
0x00007ffa19160000 - 0x00007ffa19237000 	C:\WINDOWS\System32\OLEAUT32.dll
0x00007ffa0eff0000 - 0x00007ffa0f022000 	C:\WINDOWS\SYSTEM32\dbgcore.DLL
0x00007ffa17e50000 - 0x00007ffa17ecb000 	C:\WINDOWS\System32\bcryptPrimitives.dll
0x00007ffa12850000 - 0x00007ffa1285e000 	C:\Program Files\Android\Android Studio\jbr\bin\instrument.dll
0x00007ffa00ed0000 - 0x00007ffa00ef0000 	C:\Program Files\Android\Android Studio\jbr\bin\java.dll
0x00007ff9f8930000 - 0x00007ff9f8948000 	C:\Program Files\Android\Android Studio\jbr\bin\zip.dll
0x00007ffa18890000 - 0x00007ffa19106000 	C:\WINDOWS\System32\SHELL32.dll
0x00007ffa15a10000 - 0x00007ffa16313000 	C:\WINDOWS\SYSTEM32\windows.storage.dll
0x00007ffa158d0000 - 0x00007ffa15a0f000 	C:\WINDOWS\SYSTEM32\wintypes.dll
0x00007ffa19e60000 - 0x00007ffa19f59000 	C:\WINDOWS\System32\SHCORE.dll
0x00007ffa195d0000 - 0x00007ffa1962e000 	C:\WINDOWS\System32\shlwapi.dll
0x00007ffa17a00000 - 0x00007ffa17a2b000 	C:\WINDOWS\SYSTEM32\profapi.dll
0x00007ffa01790000 - 0x00007ffa017a0000 	C:\Program Files\Android\Android Studio\jbr\bin\net.dll
0x00007ffa11c80000 - 0x00007ffa11db6000 	C:\WINDOWS\SYSTEM32\WINHTTP.dll
0x00007ffa16f90000 - 0x00007ffa16ff9000 	C:\WINDOWS\system32\mswsock.dll
0x00007ff9deb80000 - 0x00007ff9deb96000 	C:\Program Files\Android\Android Studio\jbr\bin\nio.dll
0x00007ff9eee80000 - 0x00007ff9eee90000 	C:\Program Files\Android\Android Studio\jbr\bin\verify.dll
0x00007ffa03bc0000 - 0x00007ffa03be7000 	C:\Users\vasili\.gradle\native\c067742578af261105cb4f569cf0c3c89f3d7b1fecec35dd04571415982c5e48\windows-amd64\native-platform.dll
0x00007ff9bae00000 - 0x00007ff9baf44000 	C:\Users\vasili\.gradle\native\100fb08df4bc3b14c8652ba06237920a3bd2aa13389f12d3474272988ae205f9\windows-amd64\native-platform-file-events.dll
0x00007ff9f43f0000 - 0x00007ff9f43f9000 	C:\Program Files\Android\Android Studio\jbr\bin\management.dll
0x00007ff9ef0b0000 - 0x00007ff9ef0bb000 	C:\Program Files\Android\Android Studio\jbr\bin\management_ext.dll
0x00007ffa1a780000 - 0x00007ffa1a788000 	C:\WINDOWS\System32\PSAPI.DLL
0x00007ffa171e0000 - 0x00007ffa171fb000 	C:\WINDOWS\SYSTEM32\CRYPTSP.dll
0x00007ffa16a70000 - 0x00007ffa16aa5000 	C:\WINDOWS\system32\rsaenh.dll
0x00007ffa17080000 - 0x00007ffa170a8000 	C:\WINDOWS\SYSTEM32\USERENV.dll
0x00007ffa17200000 - 0x00007ffa1720c000 	C:\WINDOWS\SYSTEM32\CRYPTBASE.dll
0x00007ffa16580000 - 0x00007ffa165ad000 	C:\WINDOWS\SYSTEM32\IPHLPAPI.DLL
0x00007ffa19f60000 - 0x00007ffa19f69000 	C:\WINDOWS\System32\NSI.dll
0x00007ffa00dd0000 - 0x00007ffa00dd9000 	C:\Program Files\Android\Android Studio\jbr\bin\extnet.dll
0x00007ff9be070000 - 0x00007ff9be078000 	C:\WINDOWS\system32\wshunix.dll

dbghelp: loaded successfully - version: 4.0.5 - missing functions: none
symbol engine: initialized successfully - sym options: 0x614 - pdb path: .;C:\Program Files\Android\Android Studio\jbr\bin;C:\WINDOWS\SYSTEM32;C:\Program Files\Avast Software\Avast;C:\WINDOWS\WinSxS\amd64_microsoft.windows.common-controls_6595b64144ccf1df_6.0.22621.4391_none_2715d37f73803e96;C:\Program Files\Android\Android Studio\jbr\bin\server;C:\Users\vasili\.gradle\native\c067742578af261105cb4f569cf0c3c89f3d7b1fecec35dd04571415982c5e48\windows-amd64;C:\Users\vasili\.gradle\native\100fb08df4bc3b14c8652ba06237920a3bd2aa13389f12d3474272988ae205f9\windows-amd64

VM Arguments:
jvm_args: --add-opens=java.base/java.util=ALL-UNNAMED --add-opens=java.base/java.lang=ALL-UNNAMED --add-opens=java.base/java.lang.invoke=ALL-UNNAMED --add-opens=java.prefs/java.util.prefs=ALL-UNNAMED --add-exports=jdk.compiler/com.sun.tools.javac.api=ALL-UNNAMED --add-exports=jdk.compiler/com.sun.tools.javac.util=ALL-UNNAMED --add-opens=java.base/java.nio.charset=ALL-UNNAMED --add-opens=java.base/java.net=ALL-UNNAMED --add-opens=java.base/java.util.concurrent.atomic=ALL-UNNAMED -Xmx4G -Dfile.encoding=UTF-8 -Duser.country=US -Duser.language=en -Duser.variant -javaagent:C:\Users\vasili\.gradle\wrapper\dists\gradle-8.10.2-all\7iv73wktx1xtkvlq19urqw1wm\gradle-8.10.2\lib\agents\gradle-instrumentation-agent-8.10.2.jar 
java_command: org.gradle.launcher.daemon.bootstrap.GradleDaemon 8.10.2
java_class_path (initial): C:\Users\vasili\.gradle\wrapper\dists\gradle-8.10.2-all\7iv73wktx1xtkvlq19urqw1wm\gradle-8.10.2\lib\gradle-daemon-main-8.10.2.jar
Launcher Type: SUN_STANDARD

[Global flags]
     intx CICompilerCount                          = 4                                         {product} {ergonomic}
     uint ConcGCThreads                            = 3                                         {product} {ergonomic}
     uint G1ConcRefinementThreads                  = 10                                        {product} {ergonomic}
   size_t G1HeapRegionSize                         = 2097152                                   {product} {ergonomic}
    uintx GCDrainStackTargetSize                   = 64                                        {product} {ergonomic}
   size_t InitialHeapSize                          = 534773760                                 {product} {ergonomic}
   size_t MarkStackSize                            = 4194304                                   {product} {ergonomic}
   size_t MaxHeapSize                              = 4294967296                                {product} {command line}
   size_t MaxNewSize                               = 2575302656                                {product} {ergonomic}
   size_t MinHeapDeltaBytes                        = 2097152                                   {product} {ergonomic}
   size_t MinHeapSize                              = 8388608                                   {product} {ergonomic}
    uintx NonNMethodCodeHeapSize                   = 5839372                                {pd product} {ergonomic}
    uintx NonProfiledCodeHeapSize                  = 122909434                              {pd product} {ergonomic}
    uintx ProfiledCodeHeapSize                     = 122909434                              {pd product} {ergonomic}
    uintx ReservedCodeCacheSize                    = 251658240                              {pd product} {ergonomic}
     bool SegmentedCodeCache                       = true                                      {product} {ergonomic}
   size_t SoftMaxHeapSize                          = 4294967296                             {manageable} {ergonomic}
     bool UseCompressedOops                        = true                           {product lp64_product} {ergonomic}
     bool UseG1GC                                  = true                                      {product} {ergonomic}
     bool UseLargePagesIndividualAllocation        = false                                  {pd product} {ergonomic}

Logging:
Log output configuration:
 #0: stdout all=warning uptime,level,tags foldmultilines=false
 #1: stderr all=off uptime,level,tags foldmultilines=false

Environment Variables:
JAVA_HOME=C:\Program Files\Android\Android Studio\jbr
CLASSPATH=C:\projects\picasso.store\android\\gradle\wrapper\gradle-wrapper.jar
PATH=C:\Program Files\Android\Android Studio\jbr\bin;C:\Program Files\Common Files\Oracle\Java\javapath;C:\Program Files (x86)\Common Files\Oracle\Java\java8path;C:\Program Files (x86)\Common Files\Oracle\Java\javapath;C:\WINDOWS\system32;C:\WINDOWS;C:\WINDOWS\System32\Wbem;C:\WINDOWS\System32\WindowsPowerShell\v1.0\;C:\WINDOWS\System32\OpenSSH\;C:\Program Files\dotnet\;C:\soft\flutter\bin;C:\Program Files (x86)\Windows Kits\10\Windows Performance Toolkit\;C:\ProgramData\chocolatey\bin;C:\Program Files\Certbot\bin;C:\Program Files\Git\cmd;C:\Program Files (x86)\Java\jre1.8.0_421\bin;C:\Program Files (x86)\Microsoft SQL Server\160\Tools\Binn\;C:\Program Files\Microsoft SQL Server\160\Tools\Binn\;C:\Program Files\Microsoft SQL Server\Client SDK\ODBC\170\Tools\Binn\;C:\Program Files\Microsoft SQL Server\160\DTS\Binn\;C:\Program Files (x86)\Microsoft SQL Server\160\DTS\Binn\;C:\Program Files\MariaDB\MariaDB Connector C 64-bit\lib\;C:\Program Files\MariaDB\MariaDB Connector C 64-bit\lib\plugin\;C:\Program Files (x86)\CryptoTech\CryptoCard\;C:\Program Files\CryptoTech\CryptoCard\;C:\soft\Qt\6.8.0\msvc2022_64\bin;C:\Users\vasili\AppData\Local\Microsoft\WindowsApps;C:\Users\vasili\AppData\Local\Programs\Microsoft VS Code\bin;C:\tools\dart-sdk\bin;C:\Users\vasili\AppData\Local\Pub\Cache\bin;;C:\soft\flutter\bin\mingit\cmd
USERNAME=vasili
TMPDIR=C:\Users\Public\Documents\Wondershare\CreatorTemp
OS=Windows_NT
PROCESSOR_IDENTIFIER=Intel64 Family 6 Model 167 Stepping 1, GenuineIntel
TMP=C:\Users\vasili\AppData\Local\Temp
TEMP=C:\Users\vasili\AppData\Local\Temp




Periodic native trim disabled

JNI global refs:
JNI global refs: 26, weak refs: 2

JNI global refs memory usage: 835, weak refs: 833

Process memory usage:
Resident Set Size: 306436K (0% of 33388000K total physical memory with 12871808K free physical memory)

OOME stack traces (most recent first):
Classloader memory used:
Loader org.gradle.internal.classloader.VisitableURLClassLoader                         : 24239K
Loader bootstrap                                                                       : 21448K
Loader org.gradle.initialization.MixInLegacyTypesClassLoader                           : 4444K
Loader jdk.internal.loader.ClassLoaders$PlatformClassLoader                            : 498K
Loader jdk.internal.loader.ClassLoaders$AppClassLoader                                 : 234K
Loader org.gradle.groovy.scripts.internal.DefaultScriptCompilationHandler$ScriptClassLoader: 57544B
Loader org.codehaus.groovy.runtime.callsite.CallSiteClassLoader                        : 16216B

Classes loaded by more than one classloader:
Class org.gradle.internal.classloader.FilteringClassLoader                            : loaded 2 times (x 101B)
Class org.gradle.internal.classloader.ClassLoaderHierarchy                            : loaded 2 times (x 66B)
Class org.gradle.api.internal.classpath.ManifestUtil                                  : loaded 2 times (x 67B)
Class org.gradle.internal.classloader.DefaultClassLoaderFactory                       : loaded 2 times (x 78B)
Class org.gradle.internal.classloader.ClassLoaderVisitor                              : loaded 2 times (x 72B)
Class org.gradle.api.internal.classpath.EffectiveClassPath                            : loaded 2 times (x 86B)
Class org.gradle.api.internal.DefaultClassPathProvider                                : loaded 2 times (x 72B)
Class [Lorg.gradle.api.internal.ClassPathProvider;                                    : loaded 2 times (x 65B)
Class org.gradle.api.internal.ClassPathProvider                                       : loaded 2 times (x 66B)
Class org.gradle.internal.service.UnknownServiceException                             : loaded 2 times (x 79B)
Class org.gradle.internal.classpath.TransformedClassPath                              : loaded 2 times (x 92B)
Class org.gradle.internal.classloader.InstrumentingClassLoader                        : loaded 2 times (x 66B)
Class org.gradle.internal.service.ServiceLocator                                      : loaded 2 times (x 66B)
Class org.gradle.internal.InternalTransformer                                         : loaded 2 times (x 66B)
Class org.gradle.internal.classloader.ClasspathUtil$1                                 : loaded 2 times (x 72B)
Class org.gradle.api.internal.classpath.DefaultModuleRegistry$DefaultModule           : loaded 2 times (x 82B)
Class org.gradle.api.internal.classpath.Module                                        : loaded 2 times (x 66B)
Class org.gradle.api.internal.classpath.UnknownModuleException                        : loaded 2 times (x 78B)
Class org.gradle.api.internal.DefaultClassPathRegistry                                : loaded 2 times (x 72B)
Class org.gradle.api.internal.ClassPathRegistry                                       : loaded 2 times (x 66B)
Class org.gradle.internal.classpath.DefaultClassPath$ImmutableUniqueList              : loaded 2 times (x 195B)
Class org.gradle.internal.classpath.ClassPath                                         : loaded 2 times (x 66B)
Class org.gradle.api.UncheckedIOException                                             : loaded 2 times (x 78B)
Class org.gradle.internal.installation.GradleInstallation$1                           : loaded 2 times (x 71B)
Class org.gradle.api.internal.classpath.ModuleRegistry                                : loaded 2 times (x 66B)
Class org.gradle.api.internal.classpath.DefaultModuleRegistry                         : loaded 2 times (x 82B)
Class org.gradle.internal.service.ServiceLookupException                              : loaded 2 times (x 78B)
Class org.gradle.internal.classloader.ClassLoaderFactory                              : loaded 2 times (x 66B)
Class org.gradle.internal.service.CachingServiceLocator                               : loaded 2 times (x 78B)
Class org.gradle.internal.classloader.ClasspathUtil                                   : loaded 2 times (x 67B)
Class org.gradle.api.specs.Spec                                                       : loaded 2 times (x 66B)
Class org.gradle.internal.classloader.VisitableURLClassLoader$InstrumentingVisitableURLClassLoader: loaded 2 times (x 119B)
Class org.gradle.internal.classloader.VisitableURLClassLoader$Spec                    : loaded 2 times (x 70B)
Class org.gradle.internal.classpath.DefaultClassPath                                  : loaded 2 times (x 86B)
Class org.gradle.internal.classloader.ClassLoaderSpec                                 : loaded 2 times (x 67B)
Class org.gradle.internal.classloader.VisitableURLClassLoader                         : loaded 2 times (x 113B)
Class org.gradle.internal.Cast                                                        : loaded 2 times (x 67B)
Class org.gradle.api.Action                                                           : loaded 2 times (x 66B)
Class org.gradle.internal.classpath.DefaultClassPath$ImmutableUniqueList$Builder      : loaded 2 times (x 71B)
Class org.gradle.api.GradleException                                                  : loaded 2 times (x 78B)
Class org.gradle.internal.IoActions                                                   : loaded 2 times (x 67B)
Class org.gradle.internal.classloader.SystemClassLoaderSpec                           : loaded 2 times (x 67B)
Class org.gradle.api.internal.classpath.GlobalCacheRootsProvider                      : loaded 2 times (x 66B)
Class org.gradle.internal.installation.CurrentGradleInstallationLocator               : loaded 2 times (x 67B)
Class org.gradle.internal.service.DefaultServiceLocator                               : loaded 2 times (x 79B)
Class org.gradle.internal.installation.CurrentGradleInstallation                      : loaded 2 times (x 69B)
Class org.gradle.util.internal.GUtil                                                  : loaded 2 times (x 67B)
Class org.gradle.internal.installation.GradleInstallation                             : loaded 2 times (x 71B)

---------------  S Y S T E M  ---------------

OS:
 Windows 11 , 64 bit Build 22621 (10.0.22621.4391)
OS uptime: 5 days 7:18 hours

CPU: total 12 (initial active 12) (6 cores per cpu, 2 threads per core) family 6 model 167 stepping 1 microcode 0x3c, cx8, cmov, fxsr, ht, mmx, 3dnowpref, sse, sse2, sse3, ssse3, sse4.1, sse4.2, popcnt, lzcnt, tsc, tscinvbit, avx, avx2, aes, erms, clmul, bmi1, bmi2, adx, avx512f, avx512dq, avx512cd, avx512bw, avx512vl, sha, fma, vzeroupper, avx512_vpopcntdq, avx512_vpclmulqdq, avx512_vaes, avx512_vnni, clflush, clflushopt, avx512_vbmi2, avx512_vbmi, rdtscp, rdpid, fsrm, gfni, avx512_bitalg, f16c, pku, avx512_ifma
Processor Information for all 12 processors :
  Max Mhz: 2592, Current Mhz: 2592, Mhz Limit: 2592

Memory: 4k page, system-wide physical 32605M (12566M free)
TotalPageFile size 43494M (AvailPageFile size 5549M)
current process WorkingSet (physical memory assigned to process): 303M, peak: 303M
current process commit charge ("private bytes"): 344M, peak: 646M

vm_info: OpenJDK 64-Bit Server VM (21.0.5+-12932927-b750.29) for windows-amd64 JRE (21.0.5+-12932927-b750.29), built on 2025-01-17T02:01:10Z by "builder" with MS VC++ 16.10 / 16.11 (VS2019)

END.
