#
# There is insufficient memory for the Java Runtime Environment to continue.
# Native memory allocation (mmap) failed to map 536870912 bytes. Error detail: G1 virtual space
# Possible reasons:
#   The system is out of physical RAM or swap space
#   This process is running with CompressedOops enabled, and the Java Heap may be blocking the growth of the native heap
# Possible solutions:
#   Reduce memory load on the system
#   Increase physical memory or swap space
#   Check if swap backing store is full
#   Decrease Java heap size (-Xmx/-Xms)
#   Decrease number of Java threads
#   Decrease Java thread stack sizes (-Xss)
#   Set larger code cache with -XX:ReservedCodeCacheSize=
#   JVM is running with Zero Based Compressed Oops mode in which the Java heap is
#     placed in the first 32GB address space. The Java Heap base address is the
#     maximum limit for the native heap growth. Please use -XX:HeapBaseMinAddress
#     to set the Java Heap base and to place the Java Heap above 32GB virtual address.
# This output file may be truncated or incomplete.
#
#  Out of Memory Error (os_windows.cpp:3825), pid=7400, tid=37988
#
# JRE version:  (17.0.11) (build )
# Java VM: OpenJDK 64-Bit Server VM (17.0.11+0--11852314, mixed mode, sharing, tiered, compressed oops, compressed class ptrs, g1 gc, windows-amd64)
# No core dump will be written. Minidumps are not enabled by default on client versions of Windows
#

---------------  S U M M A R Y ------------

Command Line: org.jetbrains.kotlin.cli.jvm.K2JVMCompiler @C:\projects\cafe5wmobileworker\build\mobile_scanner\20241023_17399556291767386936.compiler.options

Host: 11th Gen Intel(R) Core(TM) i5-11400 @ 2.60GHz, 12 cores, 31G,  Windows 10 , 64 bit Build 19041 (10.0.19041.3636)
Time: Wed Oct 23 10:30:26 2024 Caucasus Standard Time elapsed time: 0.008733 seconds (0d 0h 0m 0s)

---------------  T H R E A D  ---------------

Current thread (0x000002446ad47f20):  JavaThread "Unknown thread" [_thread_in_vm, id=37988, stack(0x0000009f36800000,0x0000009f36900000)]

Stack: [0x0000009f36800000,0x0000009f36900000]
Native frames: (J=compiled Java code, j=interpreted, Vv=VM code, C=native code)
V  [jvm.dll+0x687bb9]
V  [jvm.dll+0x84142a]
V  [jvm.dll+0x8430ae]
V  [jvm.dll+0x843713]
V  [jvm.dll+0x24a35f]
V  [jvm.dll+0x684989]
V  [jvm.dll+0x67923a]
V  [jvm.dll+0x30af0b]
V  [jvm.dll+0x3123b6]
V  [jvm.dll+0x361dfe]
V  [jvm.dll+0x36202f]
V  [jvm.dll+0x2e0d38]
V  [jvm.dll+0x2e1ca4]
V  [jvm.dll+0x811f21]
V  [jvm.dll+0x36fb68]
V  [jvm.dll+0x7f0896]
V  [jvm.dll+0x3f3d2f]
V  [jvm.dll+0x3f58e1]
C  [jli.dll+0x528f]
C  [ucrtbase.dll+0x21bb2]
C  [KERNEL32.DLL+0x17344]
C  [ntdll.dll+0x4cc91]


---------------  P R O C E S S  ---------------

Threads class SMR info:
_java_thread_list=0x00007ffb1767efd8, length=0, elements={
}

Java Threads: ( => current thread )

Other Threads:
  0x000002446adf3ab0 GCTaskThread "GC Thread#0" [stack: 0x0000009f36900000,0x0000009f36a00000] [id=12332]
  0x000002447f758000 ConcurrentGCThread "G1 Main Marker" [stack: 0x0000009f36a00000,0x0000009f36b00000] [id=31060]
  0x000002447f758a20 ConcurrentGCThread "G1 Conc#0" [stack: 0x0000009f36b00000,0x0000009f36c00000] [id=29868]

[error occurred during error reporting (printing all threads), id 0xc0000005, EXCEPTION_ACCESS_VIOLATION (0xc0000005) at pc=0x00007ffb16e31907]

VM state: not at safepoint (not fully initialized)

VM Mutex/Monitor currently owned by a thread:  ([mutex/lock_event])
[0x000002446ad42920] Heap_lock - owner thread: 0x000002446ad47f20

Heap address: 0x0000000602800000, size: 8152 MB, Compressed Oops mode: Zero based, Oop shift amount: 3

CDS archive(s) mapped at: [0x0000000000000000-0x0000000000000000-0x0000000000000000), size 0, SharedBaseAddress: 0x0000000800000000, ArchiveRelocationMode: 1.
Narrow klass base: 0x0000000000000000, Narrow klass shift: 0, Narrow klass range: 0x0

GC Precious Log:
<Empty>

Heap:
 garbage-first heap   total 0K, used 0K [0x0000000602800000, 0x0000000800000000)
  region size 4096K, 0 young (0K), 0 survivors (0K)
 Metaspace       used 0K, committed 0K, reserved 0K
  class space    used 0K, committed 0K, reserved 0K

Heap Regions: E=young(eden), S=young(survivor), O=old, HS=humongous(starts), HC=humongous(continues), CS=collection set, F=free, OA=open archive, CA=closed archive, TAMS=top-at-mark-start (previous, next)

Card table byte_map: [0x000002447e760000,0x000002447f750000] _byte_map_base: 0x000002447b74c000

Marking Bits (Prev, Next): (CMBitMap*) 0x000002446adf40d0, (CMBitMap*) 0x000002446adf4110
 Prev Bits: [0x0000024400ff0000, 0x0000024408f50000)
 Next Bits: [0x0000024408f50000, 0x0000024410eb0000)

GC Heap History (0 events):
No events

Dll operation events (1 events):
Event: 0.005 Loaded shared library C:\Program Files\Android\Android Studio\jbr\bin\java.dll

Deoptimization events (0 events):
No events

Classes unloaded (0 events):
No events

Classes redefined (0 events):
No events

Internal exceptions (0 events):
No events

VM Operations (0 events):
No events

Events (0 events):
No events


Dynamic libraries:
0x00007ff60ada0000 - 0x00007ff60adaa000 	C:\Program Files\Android\Android Studio\jbr\bin\java.exe
0x00007ffba9eb0000 - 0x00007ffbaa0a8000 	C:\Windows\SYSTEM32\ntdll.dll
0x00007ffb79f10000 - 0x00007ffb79f2a000 	C:\Program Files\Avast Software\Avast\aswhook.dll
0x00007ffba9c50000 - 0x00007ffba9d0d000 	C:\Windows\System32\KERNEL32.DLL
0x00007ffba7a20000 - 0x00007ffba7d16000 	C:\Windows\System32\KERNELBASE.dll
0x00007ffba7800000 - 0x00007ffba7900000 	C:\Windows\System32\ucrtbase.dll
0x00007ffb88370000 - 0x00007ffb8838b000 	C:\Program Files\Android\Android Studio\jbr\bin\VCRUNTIME140.dll
0x00007ffb91200000 - 0x00007ffb91217000 	C:\Program Files\Android\Android Studio\jbr\bin\jli.dll
0x00007ffba98d0000 - 0x00007ffba9a6f000 	C:\Windows\System32\USER32.dll
0x00007ffb930b0000 - 0x00007ffb9334a000 	C:\Windows\WinSxS\amd64_microsoft.windows.common-controls_6595b64144ccf1df_6.0.19041.4355_none_60b8b9eb71f62e16\COMCTL32.dll
0x00007ffba7d20000 - 0x00007ffba7d42000 	C:\Windows\System32\win32u.dll
0x00007ffba8120000 - 0x00007ffba81be000 	C:\Windows\System32\msvcrt.dll
0x00007ffba9e40000 - 0x00007ffba9e6b000 	C:\Windows\System32\GDI32.dll
0x00007ffba7d80000 - 0x00007ffba7e97000 	C:\Windows\System32\gdi32full.dll
0x00007ffba7570000 - 0x00007ffba760d000 	C:\Windows\System32\msvcp_win.dll
0x00007ffba98a0000 - 0x00007ffba98cf000 	C:\Windows\System32\IMM32.DLL
0x00007ffb8d5e0000 - 0x00007ffb8d5ec000 	C:\Program Files\Android\Android Studio\jbr\bin\vcruntime140_1.dll
0x00007ffb662f0000 - 0x00007ffb6637d000 	C:\Program Files\Android\Android Studio\jbr\bin\msvcp140.dll
0x00007ffb16b40000 - 0x00007ffb177c3000 	C:\Program Files\Android\Android Studio\jbr\bin\server\jvm.dll
0x00007ffba7ef0000 - 0x00007ffba7fa0000 	C:\Windows\System32\ADVAPI32.dll
0x00007ffba89f0000 - 0x00007ffba8a90000 	C:\Windows\System32\sechost.dll
0x00007ffba95c0000 - 0x00007ffba96e3000 	C:\Windows\System32\RPCRT4.dll
0x00007ffba7d50000 - 0x00007ffba7d77000 	C:\Windows\System32\bcrypt.dll
0x00007ffba73c0000 - 0x00007ffba740b000 	C:\Windows\SYSTEM32\POWRPROF.dll
0x00007ffb9a020000 - 0x00007ffb9a029000 	C:\Windows\SYSTEM32\WSOCK32.dll
0x00007ffb9aaf0000 - 0x00007ffb9ab17000 	C:\Windows\SYSTEM32\WINMM.dll
0x00007ffba54f0000 - 0x00007ffba54fa000 	C:\Windows\SYSTEM32\VERSION.dll
0x00007ffba9dc0000 - 0x00007ffba9e2b000 	C:\Windows\System32\WS2_32.dll
0x00007ffba73a0000 - 0x00007ffba73b2000 	C:\Windows\SYSTEM32\UMPDC.dll
0x00007ffba5da0000 - 0x00007ffba5db2000 	C:\Windows\SYSTEM32\kernel.appcore.dll
0x00007ffba5470000 - 0x00007ffba547a000 	C:\Program Files\Android\Android Studio\jbr\bin\jimage.dll
0x00007ffb9dad0000 - 0x00007ffb9dcb4000 	C:\Windows\SYSTEM32\DBGHELP.DLL
0x00007ffb9da90000 - 0x00007ffb9dac4000 	C:\Windows\SYSTEM32\dbgcore.DLL
0x00007ffba7610000 - 0x00007ffba7692000 	C:\Windows\System32\bcryptPrimitives.dll
0x00007ffb914e0000 - 0x00007ffb91505000 	C:\Program Files\Android\Android Studio\jbr\bin\java.dll

dbghelp: loaded successfully - version: 4.0.5 - missing functions: none
symbol engine: initialized successfully - sym options: 0x614 - pdb path: .;C:\Program Files\Android\Android Studio\jbr\bin;C:\Windows\SYSTEM32;C:\Program Files\Avast Software\Avast;C:\Windows\WinSxS\amd64_microsoft.windows.common-controls_6595b64144ccf1df_6.0.19041.4355_none_60b8b9eb71f62e16;C:\Program Files\Android\Android Studio\jbr\bin\server

VM Arguments:
java_command: org.jetbrains.kotlin.cli.jvm.K2JVMCompiler @C:\projects\cafe5wmobileworker\build\mobile_scanner\20241023_17399556291767386936.compiler.options
java_class_path (initial): C:\Users\vasili\.gradle\caches\modules-2\files-2.1\org.jetbrains.kotlin\kotlin-compiler-embeddable\1.8.0\eb9118d4bcceaa2a94b2ae2a33a4ddba7c9a947f\kotlin-compiler-embeddable-1.8.0.jar;C:\Users\vasili\.gradle\caches\modules-2\files-2.1\org.jetbrains.kotlin\kotlin-stdlib\1.8.0\1796921c7a3e2e2665a83e6c8d33399336cd39bc\kotlin-stdlib-1.8.0.jar;C:\Users\vasili\.gradle\caches\modules-2\files-2.1\org.jetbrains.kotlin\kotlin-script-runtime\1.8.0\b2f7e760d283cb339974851c222a4c1d48f2d3d\kotlin-script-runtime-1.8.0.jar;C:\Users\vasili\.gradle\caches\modules-2\files-2.1\org.jetbrains.kotlin\kotlin-reflect\1.6.10\1cbe9c92c12a94eea200d23c2bbaedaf3daf5132\kotlin-reflect-1.6.10.jar;C:\Users\vasili\.gradle\caches\modules-2\files-2.1\org.jetbrains.kotlin\kotlin-daemon-embeddable\1.8.0\d255216c551685dc3a7e852b53617f5f01aaaa5c\kotlin-daemon-embeddable-1.8.0.jar;C:\Users\vasili\.gradle\caches\modules-2\files-2.1\org.jetbrains.intellij.deps\trove4j\1.0.20200330\3afb14d5f9ceb459d724e907a21145e8ff394f02\trove4j-1.0.20200330.jar;C:\Users\vasili\.gradle\caches\modules-2\files-2.1\net.java.dev.jna\jna\5.6.0\330f2244e9030119ab3030fc3fededc86713d9cc\jna-5.6.0.jar;C:\Users\vasili\.gradle\caches\modules-2\files-2.1\org.jetbrains.kotlin\kotlin-stdlib-common\1.8.0\f7197e7cc76453ac59f8b0f8d5137cc600becd36\kotlin-stdlib-common-1.8.0.jar;C:\Users\vasili\.gradle\caches\modules-2\files-2.1\org.jetbrains\annotations\13.0\919f0dfe192fb4e063e7dacadee7f8bb9a2672a9\annotations-13.0.jar
Launcher Type: SUN_STANDARD

[Global flags]
     intx CICompilerCount                          = 4                                         {product} {ergonomic}
     uint ConcGCThreads                            = 3                                         {product} {ergonomic}
     uint G1ConcRefinementThreads                  = 10                                        {product} {ergonomic}
   size_t G1HeapRegionSize                         = 4194304                                   {product} {ergonomic}
    uintx GCDrainStackTargetSize                   = 64                                        {product} {ergonomic}
   size_t InitialHeapSize                          = 536870912                                 {product} {ergonomic}
   size_t MarkStackSize                            = 4194304                                   {product} {ergonomic}
   size_t MaxHeapSize                              = 8547991552                                {product} {ergonomic}
   size_t MinHeapDeltaBytes                        = 4194304                                   {product} {ergonomic}
   size_t MinHeapSize                              = 8388608                                   {product} {ergonomic}
    uintx NonNMethodCodeHeapSize                   = 5839372                                {pd product} {ergonomic}
    uintx NonProfiledCodeHeapSize                  = 122909434                              {pd product} {ergonomic}
    uintx ProfiledCodeHeapSize                     = 122909434                              {pd product} {ergonomic}
    uintx ReservedCodeCacheSize                    = 251658240                              {pd product} {ergonomic}
     bool SegmentedCodeCache                       = true                                      {product} {ergonomic}
   size_t SoftMaxHeapSize                          = 8547991552                             {manageable} {ergonomic}
     bool UseCompressedClassPointers               = true                           {product lp64_product} {ergonomic}
     bool UseCompressedOops                        = true                           {product lp64_product} {ergonomic}
     bool UseG1GC                                  = true                                      {product} {ergonomic}
     bool UseLargePagesIndividualAllocation        = false                                  {pd product} {ergonomic}

Logging:
Log output configuration:
 #0: stdout all=warning uptime,level,tags
 #1: stderr all=off uptime,level,tags

Environment Variables:
JAVA_HOME=C:\Program Files\Android\Android Studio\jbr
CLASSPATH=C:\projects\cafe5wmobileworker\android\\gradle\wrapper\gradle-wrapper.jar
PATH=C:\Program Files\Android\Android Studio\jbr\bin;C:\Program Files\Common Files\Oracle\Java\javapath;C:\Program Files (x86)\Common Files\Oracle\Java\java8path;C:\Program Files (x86)\Common Files\Oracle\Java\javapath;C:\Windows\system32;C:\Windows;C:\Windows\System32\Wbem;C:\Windows\System32\WindowsPowerShell\v1.0\;C:\Windows\System32\OpenSSH\;C:\Program Files\dotnet\;C:\soft\flutter\bin;C:\Program Files (x86)\Windows Kits\10\Windows Performance Toolkit\;C:\ProgramData\chocolatey\bin;C:\Program Files\Certbot\bin;C:\soft\Qt\5.15.2\msvc2019_64\bin;C:\Program Files\Git\cmd;C:\Program Files (x86)\Java\jre1.8.0_421\bin;C:\Program Files (x86)\Microsoft SQL Server\160\Tools\Binn\;C:\Program Files\Microsoft SQL Server\160\Tools\Binn\;C:\Program Files\Microsoft SQL Server\Client SDK\ODBC\170\Tools\Binn\;C:\Program Files\Microsoft SQL Server\160\DTS\Binn\;C:\Program Files (x86)\Microsoft SQL Server\160\DTS\Binn\;C:\Users\vasili\AppData\Local\Microsoft\WindowsApps;C:\Users\vasili\AppData\Local\Programs\Microsoft VS Code\bin;C:\tools\dart-sdk\bin;C:\Users\vasili\AppData\Local\Pub\Cache\bin;C:\soft\flutter\bin\mingit\cmd
USERNAME=vasili
OS=Windows_NT
PROCESSOR_IDENTIFIER=Intel64 Family 6 Model 167 Stepping 1, GenuineIntel
TMP=C:\Users\vasili\AppData\Local\Temp
TEMP=C:\Users\vasili\AppData\Local\Temp



Periodic native trim disabled

JNI global refs:
JNI global refs: 0, weak refs: 0

JNI global refs memory usage: 0, weak refs: 0

Process memory usage:
Resident Set Size: 11284K (0% of 33388000K total physical memory with 7956440K free physical memory)

OOME stack traces (most recent first):
Classloader memory used:


---------------  S Y S T E M  ---------------

OS:
 Windows 10 , 64 bit Build 19041 (10.0.19041.3636)
OS uptime: 13 days 10:09 hours

CPU: total 12 (initial active 12) (6 cores per cpu, 2 threads per core) family 6 model 167 stepping 1 microcode 0x3c, cx8, cmov, fxsr, ht, mmx, 3dnowpref, sse, sse2, sse3, ssse3, sse4.1, sse4.2, popcnt, lzcnt, tsc, tscinvbit, avx, avx2, aes, erms, clmul, bmi1, bmi2, adx, avx512f, avx512dq, avx512cd, avx512bw, avx512vl, sha, fma, vzeroupper, avx512_vpopcntdq, avx512_vpclmulqdq, avx512_vaes, avx512_vnni, clflush, clflushopt, avx512_vbmi2, avx512_vbmi
Processor Information for all 12 processors :
  Max Mhz: 2592, Current Mhz: 2592, Mhz Limit: 2592

Memory: 4k page, system-wide physical 32605M (7769M free)
TotalPageFile size 32605M (AvailPageFile size 276M)
current process WorkingSet (physical memory assigned to process): 11M, peak: 11M
current process commit charge ("private bytes"): 64M, peak: 576M

vm_info: OpenJDK 64-Bit Server VM (17.0.11+0--11852314) for windows-amd64 JRE (17.0.11+0--11852314), built on May 16 2024 21:29:20 by "androidbuild" with MS VC++ 16.10 / 16.11 (VS2019)

END.
